2021-04-20 22:37:08,477 	 [INFO | officialFPLApi.py:121] > Collecting bootstrap static data
2021-04-20 22:37:08,477 	 [INFO | officialFPLApi.py:126] > Request for bootstrap static data : https://fantasy.premierleague.com/api/bootstrap-static/
2021-04-20 22:37:27,099 	 [INFO | leagueMembershipCacheJob.py:24] > Running LeagueMembershipCacheJob ...
2021-04-20 22:43:45,526 	 [INFO | leagueMembershipCacheJob.py:27] > Onboarding/updating league id # 854530
2021-04-20 22:45:41,214 	 [INFO | officialFPLApi.py:121] > Collecting bootstrap static data
2021-04-20 22:45:41,216 	 [INFO | officialFPLApi.py:126] > Request for bootstrap static data : https://fantasy.premierleague.com/api/bootstrap-static/
2021-04-20 22:45:45,025 	 [INFO | leagueMembershipCacheJob.py:24] > Running LeagueMembershipCacheJob ...
2021-04-20 22:45:49,576 	 [INFO | leagueMembershipCacheJob.py:27] > Onboarding/updating league id # 854530
2021-04-20 22:45:52,911 	 [INFO | officialFPLApi.py:166] > Collecting classic league standings for 854530
2021-04-20 22:45:52,912 	 [INFO | officialFPLApi.py:171] > Request for classic league standings : https://fantasy.premierleague.com/api/leagues-classic/854530/standings/
2021-04-20 22:47:20,514 	 [INFO | officialFPLApi.py:121] > Collecting bootstrap static data
2021-04-20 22:47:20,514 	 [INFO | officialFPLApi.py:126] > Request for bootstrap static data : https://fantasy.premierleague.com/api/bootstrap-static/
2021-04-20 22:47:20,782 	 [INFO | leagueMembershipCacheJob.py:24] > Running LeagueMembershipCacheJob ...
2021-04-20 22:47:24,956 	 [INFO | leagueMembershipCacheJob.py:27] > Onboarding/updating league id # 854530
2021-04-20 22:47:26,872 	 [INFO | officialFPLApi.py:166] > Collecting classic league standings for 854530
2021-04-20 22:47:26,872 	 [INFO | officialFPLApi.py:171] > Request for classic league standings : https://fantasy.premierleague.com/api/leagues-classic/854530/standings/
2021-04-20 23:00:06,711 	 [INFO | officialFPLApi.py:121] > Collecting bootstrap static data
2021-04-20 23:00:06,711 	 [INFO | officialFPLApi.py:126] > Request for bootstrap static data : https://fantasy.premierleague.com/api/bootstrap-static/
2021-04-20 23:00:06,982 	 [INFO | leagueMembershipCacheJob.py:24] > Running LeagueMembershipCacheJob ...
2021-04-20 23:00:11,592 	 [INFO | leagueMembershipCacheJob.py:27] > Onboarding/updating league id # 854530
2021-04-20 23:00:11,593 	 [INFO | officialFPLApi.py:166] > Collecting classic league standings for 854530
2021-04-20 23:00:11,593 	 [INFO | officialFPLApi.py:171] > Request for classic league standings : https://fantasy.premierleague.com/api/leagues-classic/854530/standings/
2021-04-20 23:00:58,648 	 [INFO | officialFPLApi.py:98] > Collecting event status
2021-04-20 23:00:58,649 	 [INFO | officialFPLApi.py:103] > Request for event status : https://fantasy.premierleague.com/api/event-status/
2021-04-20 23:35:36,643 	 [INFO | officialFPLApi.py:121] > Collecting bootstrap static data
2021-04-20 23:35:36,643 	 [INFO | officialFPLApi.py:126] > Request for bootstrap static data : https://fantasy.premierleague.com/api/bootstrap-static/
2021-04-20 23:35:37,049 	 [INFO | leagueMembershipCacheJob.py:24] > Running LeagueMembershipCacheJob ...
2021-04-20 23:35:41,318 	 [INFO | leagueMembershipCacheJob.py:27] > Onboarding/updating league id # 854530
2021-04-20 23:35:41,319 	 [INFO | officialFPLApi.py:98] > Collecting event status
2021-04-20 23:35:41,319 	 [INFO | officialFPLApi.py:103] > Request for event status : https://fantasy.premierleague.com/api/event-status/
2021-04-20 23:35:41,492 	 [INFO | officialFPLApi.py:166] > Collecting classic league standings for 854530
2021-04-20 23:35:41,492 	 [INFO | officialFPLApi.py:171] > Request for classic league standings : https://fantasy.premierleague.com/api/leagues-classic/854530/standings/
2021-04-20 23:41:10,090 	 [INFO | officialFPLApi.py:121] > Collecting bootstrap static data
2021-04-20 23:41:10,090 	 [INFO | officialFPLApi.py:126] > Request for bootstrap static data : https://fantasy.premierleague.com/api/bootstrap-static/
2021-04-20 23:41:10,364 	 [INFO | leagueMembershipCacheJob.py:24] > Running LeagueMembershipCacheJob ...
2021-04-20 23:41:14,546 	 [INFO | leagueMembershipCacheJob.py:27] > Onboarding/updating league id # 854530
2021-04-20 23:41:14,547 	 [INFO | officialFPLApi.py:98] > Collecting event status
2021-04-20 23:41:14,547 	 [INFO | officialFPLApi.py:103] > Request for event status : https://fantasy.premierleague.com/api/event-status/
2021-04-20 23:41:14,719 	 [INFO | officialFPLApi.py:166] > Collecting classic league standings for 854530
2021-04-20 23:41:14,719 	 [INFO | officialFPLApi.py:171] > Request for classic league standings : https://fantasy.premierleague.com/api/leagues-classic/854530/standings/
2021-04-20 23:45:13,686 	 [INFO | officialFPLApi.py:121] > Collecting bootstrap static data
2021-04-20 23:45:13,686 	 [INFO | officialFPLApi.py:126] > Request for bootstrap static data : https://fantasy.premierleague.com/api/bootstrap-static/
2021-04-20 23:45:13,945 	 [INFO | leagueMembershipCacheJob.py:24] > Running LeagueMembershipCacheJob ...
2021-04-20 23:45:18,089 	 [INFO | leagueMembershipCacheJob.py:27] > Onboarding/updating league id # 854530
2021-04-20 23:45:18,090 	 [INFO | officialFPLApi.py:98] > Collecting event status
2021-04-20 23:45:18,090 	 [INFO | officialFPLApi.py:103] > Request for event status : https://fantasy.premierleague.com/api/event-status/
2021-04-20 23:45:18,253 	 [INFO | officialFPLApi.py:166] > Collecting classic league standings for 854530
2021-04-20 23:45:18,253 	 [INFO | officialFPLApi.py:171] > Request for classic league standings : https://fantasy.premierleague.com/api/leagues-classic/854530/standings/
2021-04-20 23:45:23,688 	 [INFO | coreUtils.py:63] > No data or incomplete data for teamId#2599752 in DB
2021-04-20 23:45:23,688 	 [INFO | coreUtils.py:64] > Onboarding data for teamId#2599752
2021-04-20 23:46:11,932 	 [INFO | officialFPLApi.py:16] > Collecting basic team info for 2599752
2021-04-20 23:46:11,932 	 [INFO | officialFPLApi.py:21] > Request for basic team info : https://fantasy.premierleague.com/api/entry/2599752/
2021-04-20 23:46:13,263 	 [INFO | officialFPLApi.py:149] > Collecting player picks for 2599752, 32
2021-04-20 23:46:13,264 	 [INFO | officialFPLApi.py:154] > Request for player picks : https://fantasy.premierleague.com/api/entry/2599752/event/32/picks/
