2021-02-21 13:35:14,706 	 [INFO | driver.py:23] > Driver setting up ...
2021-02-21 13:36:05,975 	 [INFO | driver.py:23] > Driver setting up ...
2021-02-21 13:36:51,713 	 [INFO | driver.py:23] > Driver setting up ...
2021-02-21 13:36:51,714 	 [ERROR | baseJob.py:22] >  + Starting job : LeagueMembershipCacheJob
NoneType: None
2021-02-21 13:36:58,579 	 [INFO | officialFPLApi.py:155] > Collecting classic league standings for 854530
2021-02-21 13:36:58,579 	 [INFO | officialFPLApi.py:160] > Request for classic league standings : https://fantasy.premierleague.com/api/leagues-classic/854530/standings/
2021-02-21 13:36:58,937 	 [INFO | officialFPLApi.py:164] > Collected response for classic league standings : {'league': {'id': 854530, 'name': 'Justice league :D', 'created': '2020-09-09T15:45:20.296151Z', 'closed': False, 'max_entries': None, 'league_type': 'x', 'scoring': 'c', 'admin_entry': 3753381, 'start_event': 1, 'code_privacy': 'p', 'has_cup': False, 'cup_league': None, 'rank': None}, 'new_entries': {'has_next': False, 'page': 1, 'results': []}, 'standings': {'has_next': False, 'page': 1, 'results': [{'id': 22698054, 'event_total': 14, 'player_name': 'Rohit Roy', 'rank': 1, 'last_rank': 1, 'rank_sort': 1, 'total': 1588, 'entry': 2599752, 'entry_name': "Shambu's kids"}, {'id': 22698056, 'event_total': 18, 'player_name': 'Nitin Krishna', 'rank': 2, 'last_rank': 2, 'rank_sort': 2, 'total': 1522, 'entry': 799765, 'entry_name': 'NiñeXI'}, {'id': 31547344, 'event_total': 15, 'player_name': 'Sherine Davis', 'rank': 3, 'last_rank': 4, 'rank_sort': 3, 'total': 1507, 'entry': 4979783, 'entry_name': 'Da Sher'}, {'id': 22698061, 'event_total': 8, 'player_name': 'Vijay Ganapathy Girish', 'rank': 4, 'last_rank': 3, 'rank_sort': 4, 'total': 1502, 'entry': 427885, 'entry_name': "Vijayettan's XI"}, {'id': 29649115, 'event_total': 28, 'player_name': 'Aryabhatt M R', 'rank': 5, 'last_rank': 6, 'rank_sort': 5, 'total': 1498, 'entry': 4710397, 'entry_name': 'ole ole ole'}, {'id': 22698050, 'event_total': 14, 'player_name': 'Janardhan Kammath', 'rank': 6, 'last_rank': 5, 'rank_sort': 6, 'total': 1486, 'entry': 3753381, 'entry_name': 'Kallummakkais'}, {'id': 22698059, 'event_total': 19, 'player_name': 'Sanjo Jain', 'rank': 7, 'last_rank': 7, 'rank_sort': 7, 'total': 1456, 'entry': 489665, 'entry_name': 'KappaFishcurryXI'}, {'id': 22698058, 'event_total': 8, 'player_name': 'Ajish Philip', 'rank': 8, 'last_rank': 8, 'rank_sort': 8, 'total': 1416, 'entry': 2925830, 'entry_name': 'MFC'}, {'id': 22839657, 'event_total': 6, 'player_name': 'Ramakrishnan Natarajan', 'rank': 9, 'last_rank': 9, 'rank_sort': 9, 'total': 1409, 'entry': 3165748, 'entry_name': 'Gilphonsi Malpova'}, {'id': 35959276, 'event_total': 10, 'player_name': 'Sreeraj Janardhanan', 'rank': 10, 'last_rank': 10, 'rank_sort': 10, 'total': 1384, 'entry': 5572779, 'entry_name': 'Purge'}, {'id': 23262481, 'event_total': 12, 'player_name': 'Vishnu Prabhakar', 'rank': 11, 'last_rank': 11, 'rank_sort': 11, 'total': 1379, 'entry': 3831449, 'entry_name': 'Lord8ar2omeuFC'}, {'id': 22698053, 'event_total': 18, 'player_name': 'Shivaraj Jayakumar', 'rank': 12, 'last_rank': 13, 'rank_sort': 12, 'total': 1310, 'entry': 468623, 'entry_name': 'Überdogs'}, {'id': 22732254, 'event_total': 6, 'player_name': 'Jeremy Elengical', 'rank': 13, 'last_rank': 12, 'rank_sort': 13, 'total': 1303, 'entry': 3758444, 'entry_name': 'Crystal Phallus'}, {'id': 22698052, 'event_total': 6, 'player_name': 'satrujit mohanty', 'rank': 14, 'last_rank': 14, 'rank_sort': 14, 'total': 1252, 'entry': 1664036, 'entry_name': 'OnlyTillNovember FC'}, {'id': 31905386, 'event_total': 8, 'player_name': 'Shahabas Shamsad', 'rank': 15, 'last_rank': 15, 'rank_sort': 15, 'total': 1128, 'entry': 5032016, 'entry_name': 'Kondotty Bros.'}, {'id': 29512318, 'event_total': 13, 'player_name': 'Vishnu Balakrishnan', 'rank': 16, 'last_rank': 16, 'rank_sort': 16, 'total': 1103, 'entry': 4693999, 'entry_name': 'Gilphonsi Malpova'}, {'id': 35492143, 'event_total': 16, 'player_name': 'Anwin P S', 'rank': 17, 'last_rank': 17, 'rank_sort': 17, 'total': 1090, 'entry': 5510973, 'entry_name': 'an_archist'}, {'id': 27698739, 'event_total': 17, 'player_name': 'Sam Radhakrishnan', 'rank': 18, 'last_rank': 18, 'rank_sort': 18, 'total': 1057, 'entry': 4452170, 'entry_name': 'Childish Firmino'}, {'id': 30293794, 'event_total': 13, 'player_name': 'Aravind Krishnan', 'rank': 19, 'last_rank': 19, 'rank_sort': 19, 'total': 1010, 'entry': 4804247, 'entry_name': 'Warrrr'}, {'id': 28967597, 'event_total': 5, 'player_name': 'Sai Chaithanya', 'rank': 20, 'last_rank': 20, 'rank_sort': 20, 'total': 982, 'entry': 4622834, 'entry_name': 'The Imparables'}]}}
2021-02-21 13:36:58,937 	 [INFO | leagueMembershipCacheJob.py:27] > A
2021-02-21 13:36:58,944 	 [ERROR | baseJob.py:30] >  + Completed running job : LeagueMembershipCacheJob
NoneType: None
2021-02-21 13:39:22,876 	 [INFO | officialFPLApi.py:112] > Collecting bootstrap static data
2021-02-21 13:39:22,876 	 [INFO | officialFPLApi.py:117] > Request for bootstrap static data : https://fantasy.premierleague.com/api/bootstrap-static/
2021-02-21 13:39:23,181 	 [INFO | officialFPLApi.py:112] > Collecting bootstrap static data
2021-02-21 13:39:23,181 	 [INFO | officialFPLApi.py:117] > Request for bootstrap static data : https://fantasy.premierleague.com/api/bootstrap-static/
2021-02-21 13:39:24,725 	 [INFO | service.py:18] > Dashboard service listening on http://localhost:8086
2021-02-21 13:39:42,020 	 [INFO | dashboardRequestHandler.py:18] > [INCOMING] Request at /api/CLASSICLEAGUE/854530 
2021-02-21 13:39:42,021 	 [INFO | officialFPLApi.py:91] > Collecting event status
2021-02-21 13:39:42,021 	 [INFO | officialFPLApi.py:96] > Request for event status : https://fantasy.premierleague.com/api/event-status/
2021-02-21 13:39:47,983 	 [INFO | coreUtils.py:287] > A
2021-02-21 13:39:47,984 	 [ERROR | dashboardRequestHandler.py:27] > [EXCEPTION] While trying to respond to query /api/CLASSICLEAGUE/854530
Traceback (most recent call last):
  File "D:\Sherine Davis\Code\PycharmProjects\FPLDasherboard\fpldb\dashboardService\handlers\dashboardRequestHandler.py", line 22, in get
    response = self.calculateLiveStandingsForLeague()
  File "D:\Sherine Davis\Code\PycharmProjects\FPLDasherboard\fpldb\dashboardService\handlers\dashboardRequestHandler.py", line 268, in calculateLiveStandingsForLeague
    currentStandings = self.getClassicLeagueStandings()
  File "D:\Sherine Davis\Code\PycharmProjects\FPLDasherboard\fpldb\dashboardService\handlers\dashboardRequestHandler.py", line 209, in getClassicLeagueStandings
    for entry in basicInfo['standings']['results']:
TypeError: 'NoneType' object is not subscriptable
