2021-02-20 02:33:32,209 	 [INFO | driver.py:22] > Driver setting up ...
2021-02-20 02:33:32,209 	 [INFO | officialFPLApi.py:91] > Collecting event status
2021-02-20 02:33:32,217 	 [INFO | officialFPLApi.py:96] > Request for event status : https://fantasy.premierleague.com/api/event-status/
2021-02-20 02:33:38,483 	 [INFO | officialFPLApi.py:79] > Collecting fixture information
2021-02-20 02:33:38,483 	 [INFO | officialFPLApi.py:84] > Request for event status : https://fantasy.premierleague.com/api/fixtures/?event=25
2021-02-20 02:33:38,659 	 [ERROR | baseJob.py:23] >  ! Failure while running job : FPLBootstrapDataUpdateJob
Traceback (most recent call last):
  File "D:\Sherine Davis\Code\PycharmProjects\FPLDasherboard\fpldb\driver\job\baseJob.py", line 16, in start
    if self.criteria and not self.criteria.isValid():
  File "D:\Sherine Davis\Code\PycharmProjects\FPLDasherboard\fpldb\driver\criterion\criterion.py", line 54, in isValid
    if (currentTime - startDatetime) <= timeRange :
TypeError: '<=' not supported between instances of 'Timedelta' and 'int'
2021-02-20 02:34:29,578 	 [INFO | driver.py:22] > Driver setting up ...
2021-02-20 02:34:29,578 	 [INFO | officialFPLApi.py:91] > Collecting event status
2021-02-20 02:34:29,578 	 [INFO | officialFPLApi.py:96] > Request for event status : https://fantasy.premierleague.com/api/event-status/
2021-02-20 02:34:35,724 	 [INFO | officialFPLApi.py:79] > Collecting fixture information
2021-02-20 02:34:35,724 	 [INFO | officialFPLApi.py:84] > Request for event status : https://fantasy.premierleague.com/api/fixtures/?event=25
2021-02-20 02:34:35,884 	 [INFO | baseJob.py:17] >  ! Job criteria not met for FPLBootstrapDataUpdateJob. Skipping execution
2021-02-20 02:56:12,160 	 [INFO | driver.py:23] > Driver setting up ...
2021-02-20 02:56:12,162 	 [INFO | officialFPLApi.py:91] > Collecting event status
2021-02-20 02:56:12,162 	 [INFO | officialFPLApi.py:96] > Request for event status : https://fantasy.premierleague.com/api/event-status/
2021-02-20 02:56:18,132 	 [INFO | officialFPLApi.py:79] > Collecting fixture information
2021-02-20 02:56:18,132 	 [INFO | officialFPLApi.py:84] > Request for event status : https://fantasy.premierleague.com/api/fixtures/?event=25
2021-02-20 02:56:18,514 	 [INFO | baseJob.py:20] >  ! Job criteria not met for FPLBootstrapDataUpdateJob. Skipping execution
2021-02-20 02:56:40,635 	 [INFO | driver.py:23] > Driver setting up ...
2021-02-20 02:57:20,129 	 [INFO | driver.py:23] > Driver setting up ...
2021-02-20 02:57:20,134 	 [ERROR | baseJob.py:22] >  + Starting job : FPLBootstrapDataUpdateJob
NoneType: None
2021-02-20 02:57:26,787 	 [INFO | officialFPLApi.py:113] > Collecting bootstrap static data
2021-02-20 02:57:26,788 	 [INFO | officialFPLApi.py:118] > Request for bootstrap static data : https://fantasy.premierleague.com/api/bootstrap-static/
2021-02-20 02:57:29,711 	 [ERROR | baseJob.py:30] >  + Completed running job : FPLBootstrapDataUpdateJob
NoneType: None
