2021-04-21 00:19:08,702 	 [INFO | officialFPLApi.py:121] > Collecting bootstrap static data
2021-04-21 00:19:08,702 	 [INFO | officialFPLApi.py:126] > Request for bootstrap static data : https://fantasy.premierleague.com/api/bootstrap-static/
2021-04-21 00:19:09,091 	 [INFO | leagueMembershipCacheJob.py:24] > Running LeagueMembershipCacheJob ...
2021-04-21 00:19:13,299 	 [INFO | leagueMembershipCacheJob.py:27] > Onboarding/updating league id # 854530
2021-04-21 00:19:13,300 	 [INFO | officialFPLApi.py:98] > Collecting event status
2021-04-21 00:19:13,300 	 [INFO | officialFPLApi.py:103] > Request for event status : https://fantasy.premierleague.com/api/event-status/
2021-04-21 00:19:13,496 	 [INFO | officialFPLApi.py:166] > Collecting classic league standings for 854530
2021-04-21 00:19:13,498 	 [INFO | officialFPLApi.py:171] > Request for classic league standings : https://fantasy.premierleague.com/api/leagues-classic/854530/standings/
2021-04-21 00:19:19,081 	 [INFO | coreUtils.py:63] > No data or incomplete data for teamId#2599752 in DB
2021-04-21 00:19:19,081 	 [INFO | coreUtils.py:64] > Onboarding data for teamId#2599752
2021-04-21 00:19:22,978 	 [INFO | officialFPLApi.py:16] > Collecting basic team info for 2599752
2021-04-21 00:19:22,979 	 [INFO | officialFPLApi.py:21] > Request for basic team info : https://fantasy.premierleague.com/api/entry/2599752/
2021-04-21 00:19:23,179 	 [INFO | officialFPLApi.py:149] > Collecting player picks for 2599752, 32
2021-04-21 00:19:23,179 	 [INFO | officialFPLApi.py:154] > Request for player picks : https://fantasy.premierleague.com/api/entry/2599752/event/32/picks/
2021-04-21 00:22:41,725 	 [INFO | coreUtils.py:63] > No data or incomplete data for teamId#4979783 in DB
2021-04-21 00:22:41,726 	 [INFO | coreUtils.py:64] > Onboarding data for teamId#4979783
2021-04-21 00:22:42,224 	 [INFO | officialFPLApi.py:16] > Collecting basic team info for 4979783
2021-04-21 00:22:42,224 	 [INFO | officialFPLApi.py:21] > Request for basic team info : https://fantasy.premierleague.com/api/entry/4979783/
2021-04-21 00:22:42,425 	 [INFO | officialFPLApi.py:149] > Collecting player picks for 4979783, 32
2021-04-21 00:22:42,426 	 [INFO | officialFPLApi.py:154] > Request for player picks : https://fantasy.premierleague.com/api/entry/4979783/event/32/picks/
2021-04-21 00:22:46,435 	 [INFO | coreUtils.py:63] > No data or incomplete data for teamId#489665 in DB
2021-04-21 00:22:46,436 	 [INFO | coreUtils.py:64] > Onboarding data for teamId#489665
2021-04-21 00:22:46,931 	 [INFO | officialFPLApi.py:16] > Collecting basic team info for 489665
2021-04-21 00:22:46,932 	 [INFO | officialFPLApi.py:21] > Request for basic team info : https://fantasy.premierleague.com/api/entry/489665/
2021-04-21 00:22:47,137 	 [INFO | officialFPLApi.py:149] > Collecting player picks for 489665, 32
2021-04-21 00:22:47,138 	 [INFO | officialFPLApi.py:154] > Request for player picks : https://fantasy.premierleague.com/api/entry/489665/event/32/picks/
2021-04-21 00:22:47,844 	 [INFO | coreUtils.py:63] > No data or incomplete data for teamId#799765 in DB
2021-04-21 00:22:47,845 	 [INFO | coreUtils.py:64] > Onboarding data for teamId#799765
2021-04-21 00:22:48,339 	 [INFO | officialFPLApi.py:16] > Collecting basic team info for 799765
2021-04-21 00:22:48,340 	 [INFO | officialFPLApi.py:21] > Request for basic team info : https://fantasy.premierleague.com/api/entry/799765/
2021-04-21 00:22:48,652 	 [INFO | officialFPLApi.py:149] > Collecting player picks for 799765, 32
2021-04-21 00:22:48,653 	 [INFO | officialFPLApi.py:154] > Request for player picks : https://fantasy.premierleague.com/api/entry/799765/event/32/picks/
2021-04-21 00:22:49,526 	 [INFO | coreUtils.py:63] > No data or incomplete data for teamId#427885 in DB
2021-04-21 00:22:49,527 	 [INFO | coreUtils.py:64] > Onboarding data for teamId#427885
2021-04-21 00:22:50,022 	 [INFO | officialFPLApi.py:16] > Collecting basic team info for 427885
2021-04-21 00:22:50,022 	 [INFO | officialFPLApi.py:21] > Request for basic team info : https://fantasy.premierleague.com/api/entry/427885/
2021-04-21 00:22:50,468 	 [INFO | officialFPLApi.py:149] > Collecting player picks for 427885, 32
2021-04-21 00:22:50,469 	 [INFO | officialFPLApi.py:154] > Request for player picks : https://fantasy.premierleague.com/api/entry/427885/event/32/picks/
2021-04-21 00:22:51,318 	 [INFO | coreUtils.py:63] > No data or incomplete data for teamId#3753381 in DB
2021-04-21 00:22:51,318 	 [INFO | coreUtils.py:64] > Onboarding data for teamId#3753381
2021-04-21 00:22:51,812 	 [INFO | officialFPLApi.py:16] > Collecting basic team info for 3753381
2021-04-21 00:22:51,812 	 [INFO | officialFPLApi.py:21] > Request for basic team info : https://fantasy.premierleague.com/api/entry/3753381/
2021-04-21 00:22:52,281 	 [INFO | officialFPLApi.py:149] > Collecting player picks for 3753381, 32
2021-04-21 00:22:52,281 	 [INFO | officialFPLApi.py:154] > Request for player picks : https://fantasy.premierleague.com/api/entry/3753381/event/32/picks/
2021-04-21 00:22:53,126 	 [INFO | coreUtils.py:63] > No data or incomplete data for teamId#4710397 in DB
2021-04-21 00:22:53,126 	 [INFO | coreUtils.py:64] > Onboarding data for teamId#4710397
2021-04-21 00:22:53,621 	 [INFO | officialFPLApi.py:16] > Collecting basic team info for 4710397
2021-04-21 00:22:53,622 	 [INFO | officialFPLApi.py:21] > Request for basic team info : https://fantasy.premierleague.com/api/entry/4710397/
2021-04-21 00:22:53,929 	 [INFO | officialFPLApi.py:149] > Collecting player picks for 4710397, 32
2021-04-21 00:22:53,930 	 [INFO | officialFPLApi.py:154] > Request for player picks : https://fantasy.premierleague.com/api/entry/4710397/event/32/picks/
2021-04-21 00:22:54,748 	 [INFO | coreUtils.py:63] > No data or incomplete data for teamId#3165748 in DB
2021-04-21 00:22:54,748 	 [INFO | coreUtils.py:64] > Onboarding data for teamId#3165748
2021-04-21 00:22:55,243 	 [INFO | officialFPLApi.py:16] > Collecting basic team info for 3165748
2021-04-21 00:22:55,244 	 [INFO | officialFPLApi.py:21] > Request for basic team info : https://fantasy.premierleague.com/api/entry/3165748/
2021-04-21 00:22:55,565 	 [INFO | officialFPLApi.py:149] > Collecting player picks for 3165748, 32
2021-04-21 00:22:55,566 	 [INFO | officialFPLApi.py:154] > Request for player picks : https://fantasy.premierleague.com/api/entry/3165748/event/32/picks/
2021-04-21 00:22:56,421 	 [INFO | coreUtils.py:63] > No data or incomplete data for teamId#2925830 in DB
2021-04-21 00:22:56,422 	 [INFO | coreUtils.py:64] > Onboarding data for teamId#2925830
2021-04-21 00:22:56,919 	 [INFO | officialFPLApi.py:16] > Collecting basic team info for 2925830
2021-04-21 00:22:56,919 	 [INFO | officialFPLApi.py:21] > Request for basic team info : https://fantasy.premierleague.com/api/entry/2925830/
2021-04-21 00:22:57,351 	 [INFO | officialFPLApi.py:149] > Collecting player picks for 2925830, 32
2021-04-21 00:22:57,352 	 [INFO | officialFPLApi.py:154] > Request for player picks : https://fantasy.premierleague.com/api/entry/2925830/event/32/picks/
2021-04-21 00:22:58,227 	 [INFO | coreUtils.py:63] > No data or incomplete data for teamId#5572779 in DB
2021-04-21 00:22:58,228 	 [INFO | coreUtils.py:64] > Onboarding data for teamId#5572779
2021-04-21 00:22:58,722 	 [INFO | officialFPLApi.py:16] > Collecting basic team info for 5572779
2021-04-21 00:22:58,722 	 [INFO | officialFPLApi.py:21] > Request for basic team info : https://fantasy.premierleague.com/api/entry/5572779/
2021-04-21 00:22:59,158 	 [INFO | officialFPLApi.py:149] > Collecting player picks for 5572779, 32
2021-04-21 00:22:59,159 	 [INFO | officialFPLApi.py:154] > Request for player picks : https://fantasy.premierleague.com/api/entry/5572779/event/32/picks/
2021-04-21 00:23:00,027 	 [INFO | coreUtils.py:63] > No data or incomplete data for teamId#3831449 in DB
2021-04-21 00:23:00,028 	 [INFO | coreUtils.py:64] > Onboarding data for teamId#3831449
2021-04-21 00:23:00,524 	 [INFO | officialFPLApi.py:16] > Collecting basic team info for 3831449
2021-04-21 00:23:00,524 	 [INFO | officialFPLApi.py:21] > Request for basic team info : https://fantasy.premierleague.com/api/entry/3831449/
2021-04-21 00:23:00,932 	 [INFO | officialFPLApi.py:149] > Collecting player picks for 3831449, 32
2021-04-21 00:23:00,933 	 [INFO | officialFPLApi.py:154] > Request for player picks : https://fantasy.premierleague.com/api/entry/3831449/event/32/picks/
2021-04-21 00:23:01,802 	 [INFO | coreUtils.py:63] > No data or incomplete data for teamId#468623 in DB
2021-04-21 00:23:01,803 	 [INFO | coreUtils.py:64] > Onboarding data for teamId#468623
2021-04-21 00:23:02,297 	 [INFO | officialFPLApi.py:16] > Collecting basic team info for 468623
2021-04-21 00:23:02,297 	 [INFO | officialFPLApi.py:21] > Request for basic team info : https://fantasy.premierleague.com/api/entry/468623/
2021-04-21 00:23:02,729 	 [INFO | officialFPLApi.py:149] > Collecting player picks for 468623, 32
2021-04-21 00:23:02,730 	 [INFO | officialFPLApi.py:154] > Request for player picks : https://fantasy.premierleague.com/api/entry/468623/event/32/picks/
2021-04-21 00:23:03,605 	 [INFO | coreUtils.py:63] > No data or incomplete data for teamId#1664036 in DB
2021-04-21 00:23:03,606 	 [INFO | coreUtils.py:64] > Onboarding data for teamId#1664036
2021-04-21 00:23:04,101 	 [INFO | officialFPLApi.py:16] > Collecting basic team info for 1664036
2021-04-21 00:23:04,102 	 [INFO | officialFPLApi.py:21] > Request for basic team info : https://fantasy.premierleague.com/api/entry/1664036/
2021-04-21 00:23:04,537 	 [INFO | officialFPLApi.py:149] > Collecting player picks for 1664036, 32
2021-04-21 00:23:04,537 	 [INFO | officialFPLApi.py:154] > Request for player picks : https://fantasy.premierleague.com/api/entry/1664036/event/32/picks/
2021-04-21 00:23:05,853 	 [INFO | coreUtils.py:63] > No data or incomplete data for teamId#3758444 in DB
2021-04-21 00:23:05,854 	 [INFO | coreUtils.py:64] > Onboarding data for teamId#3758444
2021-04-21 00:23:06,349 	 [INFO | officialFPLApi.py:16] > Collecting basic team info for 3758444
2021-04-21 00:23:06,350 	 [INFO | officialFPLApi.py:21] > Request for basic team info : https://fantasy.premierleague.com/api/entry/3758444/
2021-04-21 00:23:06,800 	 [INFO | officialFPLApi.py:149] > Collecting player picks for 3758444, 32
2021-04-21 00:23:06,801 	 [INFO | officialFPLApi.py:154] > Request for player picks : https://fantasy.premierleague.com/api/entry/3758444/event/32/picks/
2021-04-21 00:23:07,673 	 [INFO | coreUtils.py:63] > No data or incomplete data for teamId#5032016 in DB
2021-04-21 00:23:07,673 	 [INFO | coreUtils.py:64] > Onboarding data for teamId#5032016
2021-04-21 00:23:08,169 	 [INFO | officialFPLApi.py:16] > Collecting basic team info for 5032016
2021-04-21 00:23:08,170 	 [INFO | officialFPLApi.py:21] > Request for basic team info : https://fantasy.premierleague.com/api/entry/5032016/
2021-04-21 00:23:08,586 	 [INFO | officialFPLApi.py:149] > Collecting player picks for 5032016, 32
2021-04-21 00:23:08,586 	 [INFO | officialFPLApi.py:154] > Request for player picks : https://fantasy.premierleague.com/api/entry/5032016/event/32/picks/
2021-04-21 00:23:09,460 	 [INFO | coreUtils.py:63] > No data or incomplete data for teamId#4452170 in DB
2021-04-21 00:23:09,460 	 [INFO | coreUtils.py:64] > Onboarding data for teamId#4452170
2021-04-21 00:23:09,955 	 [INFO | officialFPLApi.py:16] > Collecting basic team info for 4452170
2021-04-21 00:23:09,956 	 [INFO | officialFPLApi.py:21] > Request for basic team info : https://fantasy.premierleague.com/api/entry/4452170/
2021-04-21 00:23:10,393 	 [INFO | officialFPLApi.py:149] > Collecting player picks for 4452170, 32
2021-04-21 00:23:10,394 	 [INFO | officialFPLApi.py:154] > Request for player picks : https://fantasy.premierleague.com/api/entry/4452170/event/32/picks/
2021-04-21 00:23:11,262 	 [INFO | coreUtils.py:63] > No data or incomplete data for teamId#5510973 in DB
2021-04-21 00:23:11,262 	 [INFO | coreUtils.py:64] > Onboarding data for teamId#5510973
2021-04-21 00:23:11,756 	 [INFO | officialFPLApi.py:16] > Collecting basic team info for 5510973
2021-04-21 00:23:11,757 	 [INFO | officialFPLApi.py:21] > Request for basic team info : https://fantasy.premierleague.com/api/entry/5510973/
2021-04-21 00:23:12,180 	 [INFO | officialFPLApi.py:149] > Collecting player picks for 5510973, 32
2021-04-21 00:23:12,181 	 [INFO | officialFPLApi.py:154] > Request for player picks : https://fantasy.premierleague.com/api/entry/5510973/event/32/picks/
2021-04-21 00:23:13,029 	 [INFO | coreUtils.py:63] > No data or incomplete data for teamId#4693999 in DB
2021-04-21 00:23:13,029 	 [INFO | coreUtils.py:64] > Onboarding data for teamId#4693999
2021-04-21 00:23:13,524 	 [INFO | officialFPLApi.py:16] > Collecting basic team info for 4693999
2021-04-21 00:23:13,525 	 [INFO | officialFPLApi.py:21] > Request for basic team info : https://fantasy.premierleague.com/api/entry/4693999/
2021-04-21 00:23:13,957 	 [INFO | officialFPLApi.py:149] > Collecting player picks for 4693999, 32
2021-04-21 00:23:13,957 	 [INFO | officialFPLApi.py:154] > Request for player picks : https://fantasy.premierleague.com/api/entry/4693999/event/32/picks/
2021-04-21 00:23:14,790 	 [INFO | coreUtils.py:63] > No data or incomplete data for teamId#4622834 in DB
2021-04-21 00:23:14,791 	 [INFO | coreUtils.py:64] > Onboarding data for teamId#4622834
2021-04-21 00:23:15,285 	 [INFO | officialFPLApi.py:16] > Collecting basic team info for 4622834
2021-04-21 00:23:15,286 	 [INFO | officialFPLApi.py:21] > Request for basic team info : https://fantasy.premierleague.com/api/entry/4622834/
2021-04-21 00:23:15,727 	 [INFO | officialFPLApi.py:149] > Collecting player picks for 4622834, 32
2021-04-21 00:23:15,729 	 [INFO | officialFPLApi.py:154] > Request for player picks : https://fantasy.premierleague.com/api/entry/4622834/event/32/picks/
2021-04-21 00:23:16,632 	 [INFO | coreUtils.py:63] > No data or incomplete data for teamId#4804247 in DB
2021-04-21 00:23:16,632 	 [INFO | coreUtils.py:64] > Onboarding data for teamId#4804247
2021-04-21 00:23:17,126 	 [INFO | officialFPLApi.py:16] > Collecting basic team info for 4804247
2021-04-21 00:23:17,126 	 [INFO | officialFPLApi.py:21] > Request for basic team info : https://fantasy.premierleague.com/api/entry/4804247/
2021-04-21 00:23:17,570 	 [INFO | officialFPLApi.py:149] > Collecting player picks for 4804247, 32
2021-04-21 00:23:17,570 	 [INFO | officialFPLApi.py:154] > Request for player picks : https://fantasy.premierleague.com/api/entry/4804247/event/32/picks/
2021-04-21 00:25:12,317 	 [INFO | officialFPLApi.py:121] > Collecting bootstrap static data
2021-04-21 00:25:12,318 	 [INFO | officialFPLApi.py:126] > Request for bootstrap static data : https://fantasy.premierleague.com/api/bootstrap-static/
2021-04-21 00:25:12,622 	 [INFO | leagueMembershipCacheJob.py:24] > Running LeagueMembershipCacheJob ...
2021-04-21 00:25:16,781 	 [INFO | leagueMembershipCacheJob.py:27] > Onboarding/updating league id # 854530
2021-04-21 00:25:16,782 	 [INFO | officialFPLApi.py:98] > Collecting event status
2021-04-21 00:25:16,782 	 [INFO | officialFPLApi.py:103] > Request for event status : https://fantasy.premierleague.com/api/event-status/
2021-04-21 00:25:16,968 	 [INFO | officialFPLApi.py:166] > Collecting classic league standings for 854530
2021-04-21 00:25:16,969 	 [INFO | officialFPLApi.py:171] > Request for classic league standings : https://fantasy.premierleague.com/api/leagues-classic/854530/standings/
2021-04-21 00:25:22,341 	 [INFO | coreUtils.py:63] > No data or incomplete data for teamId#2599752 in DB
2021-04-21 00:25:22,341 	 [INFO | coreUtils.py:64] > Onboarding data for teamId#2599752
2021-04-21 00:25:22,836 	 [INFO | officialFPLApi.py:16] > Collecting basic team info for 2599752
2021-04-21 00:25:22,836 	 [INFO | officialFPLApi.py:21] > Request for basic team info : https://fantasy.premierleague.com/api/entry/2599752/
2021-04-21 00:25:23,026 	 [INFO | officialFPLApi.py:149] > Collecting player picks for 2599752, 32
2021-04-21 00:25:23,026 	 [INFO | officialFPLApi.py:154] > Request for player picks : https://fantasy.premierleague.com/api/entry/2599752/event/32/picks/
2021-04-21 00:25:23,727 	 [INFO | coreUtils.py:63] > No data or incomplete data for teamId#4979783 in DB
2021-04-21 00:25:23,728 	 [INFO | coreUtils.py:64] > Onboarding data for teamId#4979783
2021-04-21 00:25:24,221 	 [INFO | officialFPLApi.py:16] > Collecting basic team info for 4979783
2021-04-21 00:25:24,221 	 [INFO | officialFPLApi.py:21] > Request for basic team info : https://fantasy.premierleague.com/api/entry/4979783/
2021-04-21 00:25:24,408 	 [INFO | officialFPLApi.py:149] > Collecting player picks for 4979783, 32
2021-04-21 00:25:24,408 	 [INFO | officialFPLApi.py:154] > Request for player picks : https://fantasy.premierleague.com/api/entry/4979783/event/32/picks/
2021-04-21 00:25:25,103 	 [INFO | coreUtils.py:63] > No data or incomplete data for teamId#489665 in DB
2021-04-21 00:25:25,103 	 [INFO | coreUtils.py:64] > Onboarding data for teamId#489665
2021-04-21 00:25:25,596 	 [INFO | officialFPLApi.py:16] > Collecting basic team info for 489665
2021-04-21 00:25:25,596 	 [INFO | officialFPLApi.py:21] > Request for basic team info : https://fantasy.premierleague.com/api/entry/489665/
2021-04-21 00:25:25,808 	 [INFO | officialFPLApi.py:149] > Collecting player picks for 489665, 32
2021-04-21 00:25:25,808 	 [INFO | officialFPLApi.py:154] > Request for player picks : https://fantasy.premierleague.com/api/entry/489665/event/32/picks/
2021-04-21 00:25:26,494 	 [INFO | coreUtils.py:63] > No data or incomplete data for teamId#799765 in DB
2021-04-21 00:25:26,494 	 [INFO | coreUtils.py:64] > Onboarding data for teamId#799765
2021-04-21 00:25:26,988 	 [INFO | officialFPLApi.py:16] > Collecting basic team info for 799765
2021-04-21 00:25:26,989 	 [INFO | officialFPLApi.py:21] > Request for basic team info : https://fantasy.premierleague.com/api/entry/799765/
2021-04-21 00:25:27,173 	 [INFO | officialFPLApi.py:149] > Collecting player picks for 799765, 32
2021-04-21 00:25:27,174 	 [INFO | officialFPLApi.py:154] > Request for player picks : https://fantasy.premierleague.com/api/entry/799765/event/32/picks/
2021-04-21 00:25:27,864 	 [INFO | coreUtils.py:63] > No data or incomplete data for teamId#427885 in DB
2021-04-21 00:25:27,864 	 [INFO | coreUtils.py:64] > Onboarding data for teamId#427885
2021-04-21 00:25:28,357 	 [INFO | officialFPLApi.py:16] > Collecting basic team info for 427885
2021-04-21 00:25:28,357 	 [INFO | officialFPLApi.py:21] > Request for basic team info : https://fantasy.premierleague.com/api/entry/427885/
2021-04-21 00:25:28,549 	 [INFO | officialFPLApi.py:149] > Collecting player picks for 427885, 32
2021-04-21 00:25:28,549 	 [INFO | officialFPLApi.py:154] > Request for player picks : https://fantasy.premierleague.com/api/entry/427885/event/32/picks/
2021-04-21 00:25:29,243 	 [INFO | coreUtils.py:63] > No data or incomplete data for teamId#3753381 in DB
2021-04-21 00:25:29,243 	 [INFO | coreUtils.py:64] > Onboarding data for teamId#3753381
2021-04-21 00:25:29,736 	 [INFO | officialFPLApi.py:16] > Collecting basic team info for 3753381
2021-04-21 00:25:29,737 	 [INFO | officialFPLApi.py:21] > Request for basic team info : https://fantasy.premierleague.com/api/entry/3753381/
2021-04-21 00:25:29,921 	 [INFO | officialFPLApi.py:149] > Collecting player picks for 3753381, 32
2021-04-21 00:25:29,921 	 [INFO | officialFPLApi.py:154] > Request for player picks : https://fantasy.premierleague.com/api/entry/3753381/event/32/picks/
2021-04-21 00:25:30,618 	 [INFO | coreUtils.py:63] > No data or incomplete data for teamId#4710397 in DB
2021-04-21 00:25:30,618 	 [INFO | coreUtils.py:64] > Onboarding data for teamId#4710397
2021-04-21 00:25:31,110 	 [INFO | officialFPLApi.py:16] > Collecting basic team info for 4710397
2021-04-21 00:25:31,111 	 [INFO | officialFPLApi.py:21] > Request for basic team info : https://fantasy.premierleague.com/api/entry/4710397/
2021-04-21 00:25:31,297 	 [INFO | officialFPLApi.py:149] > Collecting player picks for 4710397, 32
2021-04-21 00:25:31,297 	 [INFO | officialFPLApi.py:154] > Request for player picks : https://fantasy.premierleague.com/api/entry/4710397/event/32/picks/
2021-04-21 00:25:31,991 	 [INFO | coreUtils.py:63] > No data or incomplete data for teamId#3165748 in DB
2021-04-21 00:25:31,991 	 [INFO | coreUtils.py:64] > Onboarding data for teamId#3165748
2021-04-21 00:25:32,485 	 [INFO | officialFPLApi.py:16] > Collecting basic team info for 3165748
2021-04-21 00:25:32,485 	 [INFO | officialFPLApi.py:21] > Request for basic team info : https://fantasy.premierleague.com/api/entry/3165748/
2021-04-21 00:25:32,675 	 [INFO | officialFPLApi.py:149] > Collecting player picks for 3165748, 32
2021-04-21 00:25:32,675 	 [INFO | officialFPLApi.py:154] > Request for player picks : https://fantasy.premierleague.com/api/entry/3165748/event/32/picks/
2021-04-21 00:25:33,363 	 [INFO | coreUtils.py:63] > No data or incomplete data for teamId#2925830 in DB
2021-04-21 00:25:33,363 	 [INFO | coreUtils.py:64] > Onboarding data for teamId#2925830
2021-04-21 00:25:33,858 	 [INFO | officialFPLApi.py:16] > Collecting basic team info for 2925830
2021-04-21 00:25:33,859 	 [INFO | officialFPLApi.py:21] > Request for basic team info : https://fantasy.premierleague.com/api/entry/2925830/
2021-04-21 00:25:34,052 	 [INFO | officialFPLApi.py:149] > Collecting player picks for 2925830, 32
2021-04-21 00:25:34,053 	 [INFO | officialFPLApi.py:154] > Request for player picks : https://fantasy.premierleague.com/api/entry/2925830/event/32/picks/
2021-04-21 00:25:34,742 	 [INFO | coreUtils.py:63] > No data or incomplete data for teamId#5572779 in DB
2021-04-21 00:25:34,743 	 [INFO | coreUtils.py:64] > Onboarding data for teamId#5572779
2021-04-21 00:25:35,236 	 [INFO | officialFPLApi.py:16] > Collecting basic team info for 5572779
2021-04-21 00:25:35,236 	 [INFO | officialFPLApi.py:21] > Request for basic team info : https://fantasy.premierleague.com/api/entry/5572779/
2021-04-21 00:25:35,432 	 [INFO | officialFPLApi.py:149] > Collecting player picks for 5572779, 32
2021-04-21 00:25:35,433 	 [INFO | officialFPLApi.py:154] > Request for player picks : https://fantasy.premierleague.com/api/entry/5572779/event/32/picks/
2021-04-21 00:25:36,117 	 [INFO | coreUtils.py:63] > No data or incomplete data for teamId#3831449 in DB
2021-04-21 00:25:36,117 	 [INFO | coreUtils.py:64] > Onboarding data for teamId#3831449
2021-04-21 00:25:36,612 	 [INFO | officialFPLApi.py:16] > Collecting basic team info for 3831449
2021-04-21 00:25:36,612 	 [INFO | officialFPLApi.py:21] > Request for basic team info : https://fantasy.premierleague.com/api/entry/3831449/
2021-04-21 00:25:36,795 	 [INFO | officialFPLApi.py:149] > Collecting player picks for 3831449, 32
2021-04-21 00:25:36,795 	 [INFO | officialFPLApi.py:154] > Request for player picks : https://fantasy.premierleague.com/api/entry/3831449/event/32/picks/
2021-04-21 00:25:37,489 	 [INFO | coreUtils.py:63] > No data or incomplete data for teamId#468623 in DB
2021-04-21 00:25:37,489 	 [INFO | coreUtils.py:64] > Onboarding data for teamId#468623
2021-04-21 00:25:37,982 	 [INFO | officialFPLApi.py:16] > Collecting basic team info for 468623
2021-04-21 00:25:37,984 	 [INFO | officialFPLApi.py:21] > Request for basic team info : https://fantasy.premierleague.com/api/entry/468623/
2021-04-21 00:25:38,174 	 [INFO | officialFPLApi.py:149] > Collecting player picks for 468623, 32
2021-04-21 00:25:38,174 	 [INFO | officialFPLApi.py:154] > Request for player picks : https://fantasy.premierleague.com/api/entry/468623/event/32/picks/
2021-04-21 00:25:38,864 	 [INFO | coreUtils.py:63] > No data or incomplete data for teamId#1664036 in DB
2021-04-21 00:25:38,864 	 [INFO | coreUtils.py:64] > Onboarding data for teamId#1664036
2021-04-21 00:25:39,359 	 [INFO | officialFPLApi.py:16] > Collecting basic team info for 1664036
2021-04-21 00:25:39,360 	 [INFO | officialFPLApi.py:21] > Request for basic team info : https://fantasy.premierleague.com/api/entry/1664036/
2021-04-21 00:25:39,551 	 [INFO | officialFPLApi.py:149] > Collecting player picks for 1664036, 32
2021-04-21 00:25:39,551 	 [INFO | officialFPLApi.py:154] > Request for player picks : https://fantasy.premierleague.com/api/entry/1664036/event/32/picks/
2021-04-21 00:25:40,250 	 [INFO | coreUtils.py:63] > No data or incomplete data for teamId#3758444 in DB
2021-04-21 00:25:40,251 	 [INFO | coreUtils.py:64] > Onboarding data for teamId#3758444
2021-04-21 00:25:40,744 	 [INFO | officialFPLApi.py:16] > Collecting basic team info for 3758444
2021-04-21 00:25:40,745 	 [INFO | officialFPLApi.py:21] > Request for basic team info : https://fantasy.premierleague.com/api/entry/3758444/
2021-04-21 00:25:40,934 	 [INFO | officialFPLApi.py:149] > Collecting player picks for 3758444, 32
2021-04-21 00:25:40,934 	 [INFO | officialFPLApi.py:154] > Request for player picks : https://fantasy.premierleague.com/api/entry/3758444/event/32/picks/
2021-04-21 00:25:41,624 	 [INFO | coreUtils.py:63] > No data or incomplete data for teamId#5032016 in DB
2021-04-21 00:25:41,625 	 [INFO | coreUtils.py:64] > Onboarding data for teamId#5032016
2021-04-21 00:25:42,119 	 [INFO | officialFPLApi.py:16] > Collecting basic team info for 5032016
2021-04-21 00:25:42,119 	 [INFO | officialFPLApi.py:21] > Request for basic team info : https://fantasy.premierleague.com/api/entry/5032016/
2021-04-21 00:25:42,314 	 [INFO | officialFPLApi.py:149] > Collecting player picks for 5032016, 32
2021-04-21 00:25:42,315 	 [INFO | officialFPLApi.py:154] > Request for player picks : https://fantasy.premierleague.com/api/entry/5032016/event/32/picks/
2021-04-21 00:25:43,002 	 [INFO | coreUtils.py:63] > No data or incomplete data for teamId#4452170 in DB
2021-04-21 00:25:43,003 	 [INFO | coreUtils.py:64] > Onboarding data for teamId#4452170
2021-04-21 00:25:43,500 	 [INFO | officialFPLApi.py:16] > Collecting basic team info for 4452170
2021-04-21 00:25:43,500 	 [INFO | officialFPLApi.py:21] > Request for basic team info : https://fantasy.premierleague.com/api/entry/4452170/
2021-04-21 00:25:43,687 	 [INFO | officialFPLApi.py:149] > Collecting player picks for 4452170, 32
2021-04-21 00:25:43,688 	 [INFO | officialFPLApi.py:154] > Request for player picks : https://fantasy.premierleague.com/api/entry/4452170/event/32/picks/
2021-04-21 00:25:44,379 	 [INFO | coreUtils.py:63] > No data or incomplete data for teamId#5510973 in DB
2021-04-21 00:25:44,380 	 [INFO | coreUtils.py:64] > Onboarding data for teamId#5510973
2021-04-21 00:25:44,878 	 [INFO | officialFPLApi.py:16] > Collecting basic team info for 5510973
2021-04-21 00:25:44,878 	 [INFO | officialFPLApi.py:21] > Request for basic team info : https://fantasy.premierleague.com/api/entry/5510973/
2021-04-21 00:25:45,072 	 [INFO | officialFPLApi.py:149] > Collecting player picks for 5510973, 32
2021-04-21 00:25:45,072 	 [INFO | officialFPLApi.py:154] > Request for player picks : https://fantasy.premierleague.com/api/entry/5510973/event/32/picks/
2021-04-21 00:25:45,766 	 [INFO | coreUtils.py:63] > No data or incomplete data for teamId#4693999 in DB
2021-04-21 00:25:45,766 	 [INFO | coreUtils.py:64] > Onboarding data for teamId#4693999
2021-04-21 00:25:46,258 	 [INFO | officialFPLApi.py:16] > Collecting basic team info for 4693999
2021-04-21 00:25:46,259 	 [INFO | officialFPLApi.py:21] > Request for basic team info : https://fantasy.premierleague.com/api/entry/4693999/
2021-04-21 00:25:46,456 	 [INFO | officialFPLApi.py:149] > Collecting player picks for 4693999, 32
2021-04-21 00:25:46,456 	 [INFO | officialFPLApi.py:154] > Request for player picks : https://fantasy.premierleague.com/api/entry/4693999/event/32/picks/
2021-04-21 00:25:47,147 	 [INFO | coreUtils.py:63] > No data or incomplete data for teamId#4622834 in DB
2021-04-21 00:25:47,147 	 [INFO | coreUtils.py:64] > Onboarding data for teamId#4622834
2021-04-21 00:25:47,640 	 [INFO | officialFPLApi.py:16] > Collecting basic team info for 4622834
2021-04-21 00:25:47,641 	 [INFO | officialFPLApi.py:21] > Request for basic team info : https://fantasy.premierleague.com/api/entry/4622834/
2021-04-21 00:25:47,822 	 [INFO | officialFPLApi.py:149] > Collecting player picks for 4622834, 32
2021-04-21 00:25:47,822 	 [INFO | officialFPLApi.py:154] > Request for player picks : https://fantasy.premierleague.com/api/entry/4622834/event/32/picks/
2021-04-21 00:25:48,513 	 [INFO | coreUtils.py:63] > No data or incomplete data for teamId#4804247 in DB
2021-04-21 00:25:48,513 	 [INFO | coreUtils.py:64] > Onboarding data for teamId#4804247
2021-04-21 00:25:49,007 	 [INFO | officialFPLApi.py:16] > Collecting basic team info for 4804247
2021-04-21 00:25:49,007 	 [INFO | officialFPLApi.py:21] > Request for basic team info : https://fantasy.premierleague.com/api/entry/4804247/
2021-04-21 00:25:49,199 	 [INFO | officialFPLApi.py:149] > Collecting player picks for 4804247, 32
2021-04-21 00:25:49,199 	 [INFO | officialFPLApi.py:154] > Request for player picks : https://fantasy.premierleague.com/api/entry/4804247/event/32/picks/
2021-04-21 00:32:17,815 	 [INFO | officialFPLApi.py:121] > Collecting bootstrap static data
2021-04-21 00:32:17,815 	 [INFO | officialFPLApi.py:126] > Request for bootstrap static data : https://fantasy.premierleague.com/api/bootstrap-static/
2021-04-21 00:32:18,131 	 [INFO | leagueMembershipCacheJob.py:24] > Running LeagueMembershipCacheJob ...
2021-04-21 00:32:22,348 	 [INFO | leagueMembershipCacheJob.py:27] > Onboarding/updating league id # 854530
2021-04-21 00:32:22,348 	 [INFO | officialFPLApi.py:98] > Collecting event status
2021-04-21 00:32:22,349 	 [INFO | officialFPLApi.py:103] > Request for event status : https://fantasy.premierleague.com/api/event-status/
2021-04-21 00:32:22,539 	 [INFO | officialFPLApi.py:166] > Collecting classic league standings for 854530
2021-04-21 00:32:22,540 	 [INFO | officialFPLApi.py:171] > Request for classic league standings : https://fantasy.premierleague.com/api/leagues-classic/854530/standings/
2021-04-21 00:32:27,992 	 [INFO | coreUtils.py:63] > No data or incomplete data for teamId#2599752 in DB
2021-04-21 00:32:27,992 	 [INFO | coreUtils.py:64] > Onboarding data for teamId#2599752
2021-04-21 00:32:28,480 	 [INFO | officialFPLApi.py:16] > Collecting basic team info for 2599752
2021-04-21 00:32:28,480 	 [INFO | officialFPLApi.py:21] > Request for basic team info : https://fantasy.premierleague.com/api/entry/2599752/
2021-04-21 00:32:28,672 	 [INFO | officialFPLApi.py:149] > Collecting player picks for 2599752, 32
2021-04-21 00:32:28,672 	 [INFO | officialFPLApi.py:154] > Request for player picks : https://fantasy.premierleague.com/api/entry/2599752/event/32/picks/
2021-04-21 00:32:29,355 	 [INFO | coreUtils.py:63] > No data or incomplete data for teamId#4979783 in DB
2021-04-21 00:32:29,356 	 [INFO | coreUtils.py:64] > Onboarding data for teamId#4979783
2021-04-21 00:32:29,843 	 [INFO | officialFPLApi.py:16] > Collecting basic team info for 4979783
2021-04-21 00:32:29,844 	 [INFO | officialFPLApi.py:21] > Request for basic team info : https://fantasy.premierleague.com/api/entry/4979783/
2021-04-21 00:32:30,028 	 [INFO | officialFPLApi.py:149] > Collecting player picks for 4979783, 32
2021-04-21 00:32:30,028 	 [INFO | officialFPLApi.py:154] > Request for player picks : https://fantasy.premierleague.com/api/entry/4979783/event/32/picks/
2021-04-21 00:32:30,716 	 [INFO | coreUtils.py:63] > No data or incomplete data for teamId#489665 in DB
2021-04-21 00:32:30,716 	 [INFO | coreUtils.py:64] > Onboarding data for teamId#489665
2021-04-21 00:32:31,204 	 [INFO | officialFPLApi.py:16] > Collecting basic team info for 489665
2021-04-21 00:32:31,204 	 [INFO | officialFPLApi.py:21] > Request for basic team info : https://fantasy.premierleague.com/api/entry/489665/
2021-04-21 00:32:31,390 	 [INFO | officialFPLApi.py:149] > Collecting player picks for 489665, 32
2021-04-21 00:32:31,391 	 [INFO | officialFPLApi.py:154] > Request for player picks : https://fantasy.premierleague.com/api/entry/489665/event/32/picks/
2021-04-21 00:32:32,067 	 [INFO | coreUtils.py:63] > No data or incomplete data for teamId#799765 in DB
2021-04-21 00:32:32,067 	 [INFO | coreUtils.py:64] > Onboarding data for teamId#799765
2021-04-21 00:32:32,554 	 [INFO | officialFPLApi.py:16] > Collecting basic team info for 799765
2021-04-21 00:32:32,554 	 [INFO | officialFPLApi.py:21] > Request for basic team info : https://fantasy.premierleague.com/api/entry/799765/
2021-04-21 00:32:32,739 	 [INFO | officialFPLApi.py:149] > Collecting player picks for 799765, 32
2021-04-21 00:32:32,740 	 [INFO | officialFPLApi.py:154] > Request for player picks : https://fantasy.premierleague.com/api/entry/799765/event/32/picks/
2021-04-21 00:32:33,428 	 [INFO | coreUtils.py:63] > No data or incomplete data for teamId#427885 in DB
2021-04-21 00:32:33,428 	 [INFO | coreUtils.py:64] > Onboarding data for teamId#427885
2021-04-21 00:32:33,918 	 [INFO | officialFPLApi.py:16] > Collecting basic team info for 427885
2021-04-21 00:32:33,919 	 [INFO | officialFPLApi.py:21] > Request for basic team info : https://fantasy.premierleague.com/api/entry/427885/
2021-04-21 00:32:34,124 	 [INFO | officialFPLApi.py:149] > Collecting player picks for 427885, 32
2021-04-21 00:32:34,124 	 [INFO | officialFPLApi.py:154] > Request for player picks : https://fantasy.premierleague.com/api/entry/427885/event/32/picks/
2021-04-21 00:32:34,804 	 [INFO | coreUtils.py:63] > No data or incomplete data for teamId#3753381 in DB
2021-04-21 00:32:34,805 	 [INFO | coreUtils.py:64] > Onboarding data for teamId#3753381
2021-04-21 00:32:35,292 	 [INFO | officialFPLApi.py:16] > Collecting basic team info for 3753381
2021-04-21 00:32:35,294 	 [INFO | officialFPLApi.py:21] > Request for basic team info : https://fantasy.premierleague.com/api/entry/3753381/
2021-04-21 00:32:35,491 	 [INFO | officialFPLApi.py:149] > Collecting player picks for 3753381, 32
2021-04-21 00:32:35,491 	 [INFO | officialFPLApi.py:154] > Request for player picks : https://fantasy.premierleague.com/api/entry/3753381/event/32/picks/
2021-04-21 00:32:36,172 	 [INFO | coreUtils.py:63] > No data or incomplete data for teamId#4710397 in DB
2021-04-21 00:32:36,172 	 [INFO | coreUtils.py:64] > Onboarding data for teamId#4710397
2021-04-21 00:32:36,660 	 [INFO | officialFPLApi.py:16] > Collecting basic team info for 4710397
2021-04-21 00:32:36,660 	 [INFO | officialFPLApi.py:21] > Request for basic team info : https://fantasy.premierleague.com/api/entry/4710397/
2021-04-21 00:32:36,846 	 [INFO | officialFPLApi.py:149] > Collecting player picks for 4710397, 32
2021-04-21 00:32:36,846 	 [INFO | officialFPLApi.py:154] > Request for player picks : https://fantasy.premierleague.com/api/entry/4710397/event/32/picks/
2021-04-21 00:32:37,527 	 [INFO | coreUtils.py:63] > No data or incomplete data for teamId#3165748 in DB
2021-04-21 00:32:37,528 	 [INFO | coreUtils.py:64] > Onboarding data for teamId#3165748
2021-04-21 00:32:38,015 	 [INFO | officialFPLApi.py:16] > Collecting basic team info for 3165748
2021-04-21 00:32:38,015 	 [INFO | officialFPLApi.py:21] > Request for basic team info : https://fantasy.premierleague.com/api/entry/3165748/
2021-04-21 00:32:38,202 	 [INFO | officialFPLApi.py:149] > Collecting player picks for 3165748, 32
2021-04-21 00:32:38,203 	 [INFO | officialFPLApi.py:154] > Request for player picks : https://fantasy.premierleague.com/api/entry/3165748/event/32/picks/
2021-04-21 00:32:38,882 	 [INFO | coreUtils.py:63] > No data or incomplete data for teamId#2925830 in DB
2021-04-21 00:32:38,882 	 [INFO | coreUtils.py:64] > Onboarding data for teamId#2925830
2021-04-21 00:32:39,370 	 [INFO | officialFPLApi.py:16] > Collecting basic team info for 2925830
2021-04-21 00:32:39,370 	 [INFO | officialFPLApi.py:21] > Request for basic team info : https://fantasy.premierleague.com/api/entry/2925830/
2021-04-21 00:32:39,565 	 [INFO | officialFPLApi.py:149] > Collecting player picks for 2925830, 32
2021-04-21 00:32:39,566 	 [INFO | officialFPLApi.py:154] > Request for player picks : https://fantasy.premierleague.com/api/entry/2925830/event/32/picks/
2021-04-21 00:32:40,255 	 [INFO | coreUtils.py:63] > No data or incomplete data for teamId#5572779 in DB
2021-04-21 00:32:40,256 	 [INFO | coreUtils.py:64] > Onboarding data for teamId#5572779
2021-04-21 00:32:40,747 	 [INFO | officialFPLApi.py:16] > Collecting basic team info for 5572779
2021-04-21 00:32:40,747 	 [INFO | officialFPLApi.py:21] > Request for basic team info : https://fantasy.premierleague.com/api/entry/5572779/
2021-04-21 00:32:40,933 	 [INFO | officialFPLApi.py:149] > Collecting player picks for 5572779, 32
2021-04-21 00:32:40,934 	 [INFO | officialFPLApi.py:154] > Request for player picks : https://fantasy.premierleague.com/api/entry/5572779/event/32/picks/
2021-04-21 00:32:41,622 	 [INFO | coreUtils.py:63] > No data or incomplete data for teamId#3831449 in DB
2021-04-21 00:32:41,622 	 [INFO | coreUtils.py:64] > Onboarding data for teamId#3831449
2021-04-21 00:32:42,110 	 [INFO | officialFPLApi.py:16] > Collecting basic team info for 3831449
2021-04-21 00:32:42,110 	 [INFO | officialFPLApi.py:21] > Request for basic team info : https://fantasy.premierleague.com/api/entry/3831449/
2021-04-21 00:32:42,296 	 [INFO | officialFPLApi.py:149] > Collecting player picks for 3831449, 32
2021-04-21 00:32:42,297 	 [INFO | officialFPLApi.py:154] > Request for player picks : https://fantasy.premierleague.com/api/entry/3831449/event/32/picks/
2021-04-21 00:32:42,979 	 [INFO | coreUtils.py:63] > No data or incomplete data for teamId#468623 in DB
2021-04-21 00:32:42,980 	 [INFO | coreUtils.py:64] > Onboarding data for teamId#468623
2021-04-21 00:32:43,469 	 [INFO | officialFPLApi.py:16] > Collecting basic team info for 468623
2021-04-21 00:32:43,469 	 [INFO | officialFPLApi.py:21] > Request for basic team info : https://fantasy.premierleague.com/api/entry/468623/
2021-04-21 00:32:43,661 	 [INFO | officialFPLApi.py:149] > Collecting player picks for 468623, 32
2021-04-21 00:32:43,661 	 [INFO | officialFPLApi.py:154] > Request for player picks : https://fantasy.premierleague.com/api/entry/468623/event/32/picks/
2021-04-21 00:32:44,358 	 [INFO | coreUtils.py:63] > No data or incomplete data for teamId#1664036 in DB
2021-04-21 00:32:44,359 	 [INFO | coreUtils.py:64] > Onboarding data for teamId#1664036
2021-04-21 00:32:44,847 	 [INFO | officialFPLApi.py:16] > Collecting basic team info for 1664036
2021-04-21 00:32:44,847 	 [INFO | officialFPLApi.py:21] > Request for basic team info : https://fantasy.premierleague.com/api/entry/1664036/
2021-04-21 00:32:45,044 	 [INFO | officialFPLApi.py:149] > Collecting player picks for 1664036, 32
2021-04-21 00:32:45,044 	 [INFO | officialFPLApi.py:154] > Request for player picks : https://fantasy.premierleague.com/api/entry/1664036/event/32/picks/
2021-04-21 00:32:45,733 	 [INFO | coreUtils.py:63] > No data or incomplete data for teamId#3758444 in DB
2021-04-21 00:32:45,734 	 [INFO | coreUtils.py:64] > Onboarding data for teamId#3758444
2021-04-21 00:32:46,221 	 [INFO | officialFPLApi.py:16] > Collecting basic team info for 3758444
2021-04-21 00:32:46,221 	 [INFO | officialFPLApi.py:21] > Request for basic team info : https://fantasy.premierleague.com/api/entry/3758444/
2021-04-21 00:32:46,411 	 [INFO | officialFPLApi.py:149] > Collecting player picks for 3758444, 32
2021-04-21 00:32:46,412 	 [INFO | officialFPLApi.py:154] > Request for player picks : https://fantasy.premierleague.com/api/entry/3758444/event/32/picks/
2021-04-21 00:32:47,117 	 [INFO | coreUtils.py:63] > No data or incomplete data for teamId#5032016 in DB
2021-04-21 00:32:47,117 	 [INFO | coreUtils.py:64] > Onboarding data for teamId#5032016
2021-04-21 00:32:47,605 	 [INFO | officialFPLApi.py:16] > Collecting basic team info for 5032016
2021-04-21 00:32:47,605 	 [INFO | officialFPLApi.py:21] > Request for basic team info : https://fantasy.premierleague.com/api/entry/5032016/
2021-04-21 00:32:47,795 	 [INFO | officialFPLApi.py:149] > Collecting player picks for 5032016, 32
2021-04-21 00:32:47,795 	 [INFO | officialFPLApi.py:154] > Request for player picks : https://fantasy.premierleague.com/api/entry/5032016/event/32/picks/
2021-04-21 00:32:48,478 	 [INFO | coreUtils.py:63] > No data or incomplete data for teamId#4452170 in DB
2021-04-21 00:32:48,479 	 [INFO | coreUtils.py:64] > Onboarding data for teamId#4452170
2021-04-21 00:32:48,966 	 [INFO | officialFPLApi.py:16] > Collecting basic team info for 4452170
2021-04-21 00:32:48,966 	 [INFO | officialFPLApi.py:21] > Request for basic team info : https://fantasy.premierleague.com/api/entry/4452170/
2021-04-21 00:32:49,154 	 [INFO | officialFPLApi.py:149] > Collecting player picks for 4452170, 32
2021-04-21 00:32:49,155 	 [INFO | officialFPLApi.py:154] > Request for player picks : https://fantasy.premierleague.com/api/entry/4452170/event/32/picks/
2021-04-21 00:32:49,841 	 [INFO | coreUtils.py:63] > No data or incomplete data for teamId#5510973 in DB
2021-04-21 00:32:49,841 	 [INFO | coreUtils.py:64] > Onboarding data for teamId#5510973
2021-04-21 00:32:50,328 	 [INFO | officialFPLApi.py:16] > Collecting basic team info for 5510973
2021-04-21 00:32:50,328 	 [INFO | officialFPLApi.py:21] > Request for basic team info : https://fantasy.premierleague.com/api/entry/5510973/
2021-04-21 00:32:50,524 	 [INFO | officialFPLApi.py:149] > Collecting player picks for 5510973, 32
2021-04-21 00:32:50,525 	 [INFO | officialFPLApi.py:154] > Request for player picks : https://fantasy.premierleague.com/api/entry/5510973/event/32/picks/
2021-04-21 00:32:51,206 	 [INFO | coreUtils.py:63] > No data or incomplete data for teamId#4693999 in DB
2021-04-21 00:32:51,206 	 [INFO | coreUtils.py:64] > Onboarding data for teamId#4693999
2021-04-21 00:32:51,694 	 [INFO | officialFPLApi.py:16] > Collecting basic team info for 4693999
2021-04-21 00:32:51,694 	 [INFO | officialFPLApi.py:21] > Request for basic team info : https://fantasy.premierleague.com/api/entry/4693999/
2021-04-21 00:32:51,896 	 [INFO | officialFPLApi.py:149] > Collecting player picks for 4693999, 32
2021-04-21 00:32:51,896 	 [INFO | officialFPLApi.py:154] > Request for player picks : https://fantasy.premierleague.com/api/entry/4693999/event/32/picks/
2021-04-21 00:32:52,585 	 [INFO | coreUtils.py:63] > No data or incomplete data for teamId#4622834 in DB
2021-04-21 00:32:52,585 	 [INFO | coreUtils.py:64] > Onboarding data for teamId#4622834
2021-04-21 00:32:53,075 	 [INFO | officialFPLApi.py:16] > Collecting basic team info for 4622834
2021-04-21 00:32:53,076 	 [INFO | officialFPLApi.py:21] > Request for basic team info : https://fantasy.premierleague.com/api/entry/4622834/
2021-04-21 00:32:53,261 	 [INFO | officialFPLApi.py:149] > Collecting player picks for 4622834, 32
2021-04-21 00:32:53,261 	 [INFO | officialFPLApi.py:154] > Request for player picks : https://fantasy.premierleague.com/api/entry/4622834/event/32/picks/
2021-04-21 00:32:53,941 	 [INFO | coreUtils.py:63] > No data or incomplete data for teamId#4804247 in DB
2021-04-21 00:32:53,941 	 [INFO | coreUtils.py:64] > Onboarding data for teamId#4804247
2021-04-21 00:32:54,430 	 [INFO | officialFPLApi.py:16] > Collecting basic team info for 4804247
2021-04-21 00:32:54,430 	 [INFO | officialFPLApi.py:21] > Request for basic team info : https://fantasy.premierleague.com/api/entry/4804247/
2021-04-21 00:32:54,633 	 [INFO | officialFPLApi.py:149] > Collecting player picks for 4804247, 32
2021-04-21 00:32:54,634 	 [INFO | officialFPLApi.py:154] > Request for player picks : https://fantasy.premierleague.com/api/entry/4804247/event/32/picks/
2021-04-21 00:38:12,643 	 [INFO | officialFPLApi.py:121] > Collecting bootstrap static data
2021-04-21 00:38:12,644 	 [INFO | officialFPLApi.py:126] > Request for bootstrap static data : https://fantasy.premierleague.com/api/bootstrap-static/
2021-04-21 00:38:12,939 	 [INFO | leagueMembershipCacheJob.py:24] > Running LeagueMembershipCacheJob ...
2021-04-21 00:38:17,176 	 [INFO | leagueMembershipCacheJob.py:27] > Onboarding/updating league id # 854530
2021-04-21 00:38:17,176 	 [INFO | officialFPLApi.py:98] > Collecting event status
2021-04-21 00:38:17,176 	 [INFO | officialFPLApi.py:103] > Request for event status : https://fantasy.premierleague.com/api/event-status/
2021-04-21 00:38:17,367 	 [INFO | officialFPLApi.py:166] > Collecting classic league standings for 854530
2021-04-21 00:38:17,367 	 [INFO | officialFPLApi.py:171] > Request for classic league standings : https://fantasy.premierleague.com/api/leagues-classic/854530/standings/
2021-04-21 00:38:22,797 	 [INFO | coreUtils.py:63] > No data or incomplete data for teamId#2599752 in DB
2021-04-21 00:38:22,797 	 [INFO | coreUtils.py:64] > Onboarding data for teamId#2599752
2021-04-21 00:39:38,536 	 [INFO | officialFPLApi.py:121] > Collecting bootstrap static data
2021-04-21 00:39:38,536 	 [INFO | officialFPLApi.py:126] > Request for bootstrap static data : https://fantasy.premierleague.com/api/bootstrap-static/
2021-04-21 00:39:38,873 	 [INFO | leagueMembershipCacheJob.py:24] > Running LeagueMembershipCacheJob ...
2021-04-21 00:39:43,088 	 [INFO | leagueMembershipCacheJob.py:27] > Onboarding/updating league id # 854530
2021-04-21 00:39:43,089 	 [INFO | officialFPLApi.py:98] > Collecting event status
2021-04-21 00:39:43,089 	 [INFO | officialFPLApi.py:103] > Request for event status : https://fantasy.premierleague.com/api/event-status/
2021-04-21 00:39:43,296 	 [INFO | officialFPLApi.py:166] > Collecting classic league standings for 854530
2021-04-21 00:39:43,296 	 [INFO | officialFPLApi.py:171] > Request for classic league standings : https://fantasy.premierleague.com/api/leagues-classic/854530/standings/
2021-04-21 00:39:48,693 	 [INFO | coreUtils.py:63] > No data or incomplete data for teamId#2599752 in DB
2021-04-21 00:39:48,694 	 [INFO | coreUtils.py:64] > Onboarding data for teamId#2599752
2021-04-21 00:39:50,178 	 [INFO | officialFPLApi.py:16] > Collecting basic team info for 2599752
2021-04-21 00:39:50,178 	 [INFO | officialFPLApi.py:21] > Request for basic team info : https://fantasy.premierleague.com/api/entry/2599752/
2021-04-21 00:39:50,373 	 [INFO | officialFPLApi.py:149] > Collecting player picks for 2599752, 32
2021-04-21 00:39:50,373 	 [INFO | officialFPLApi.py:154] > Request for player picks : https://fantasy.premierleague.com/api/entry/2599752/event/32/picks/
2021-04-21 00:39:51,067 	 [INFO | coreUtils.py:63] > No data or incomplete data for teamId#4979783 in DB
2021-04-21 00:39:51,067 	 [INFO | coreUtils.py:64] > Onboarding data for teamId#4979783
2021-04-21 00:39:52,555 	 [INFO | officialFPLApi.py:16] > Collecting basic team info for 4979783
2021-04-21 00:39:52,555 	 [INFO | officialFPLApi.py:21] > Request for basic team info : https://fantasy.premierleague.com/api/entry/4979783/
2021-04-21 00:39:52,746 	 [INFO | officialFPLApi.py:149] > Collecting player picks for 4979783, 32
2021-04-21 00:39:52,747 	 [INFO | officialFPLApi.py:154] > Request for player picks : https://fantasy.premierleague.com/api/entry/4979783/event/32/picks/
2021-04-21 00:39:53,436 	 [INFO | coreUtils.py:63] > No data or incomplete data for teamId#489665 in DB
2021-04-21 00:39:53,436 	 [INFO | coreUtils.py:64] > Onboarding data for teamId#489665
2021-04-21 00:39:54,919 	 [INFO | officialFPLApi.py:16] > Collecting basic team info for 489665
2021-04-21 00:39:54,920 	 [INFO | officialFPLApi.py:21] > Request for basic team info : https://fantasy.premierleague.com/api/entry/489665/
2021-04-21 00:39:55,102 	 [INFO | officialFPLApi.py:149] > Collecting player picks for 489665, 32
2021-04-21 00:39:55,102 	 [INFO | officialFPLApi.py:154] > Request for player picks : https://fantasy.premierleague.com/api/entry/489665/event/32/picks/
2021-04-21 00:39:55,794 	 [INFO | coreUtils.py:63] > No data or incomplete data for teamId#799765 in DB
2021-04-21 00:39:55,795 	 [INFO | coreUtils.py:64] > Onboarding data for teamId#799765
2021-04-21 00:39:57,279 	 [INFO | officialFPLApi.py:16] > Collecting basic team info for 799765
2021-04-21 00:39:57,279 	 [INFO | officialFPLApi.py:21] > Request for basic team info : https://fantasy.premierleague.com/api/entry/799765/
2021-04-21 00:39:57,469 	 [INFO | officialFPLApi.py:149] > Collecting player picks for 799765, 32
2021-04-21 00:39:57,470 	 [INFO | officialFPLApi.py:154] > Request for player picks : https://fantasy.premierleague.com/api/entry/799765/event/32/picks/
2021-04-21 00:39:58,162 	 [INFO | coreUtils.py:63] > No data or incomplete data for teamId#427885 in DB
2021-04-21 00:39:58,162 	 [INFO | coreUtils.py:64] > Onboarding data for teamId#427885
2021-04-21 00:39:59,645 	 [INFO | officialFPLApi.py:16] > Collecting basic team info for 427885
2021-04-21 00:39:59,646 	 [INFO | officialFPLApi.py:21] > Request for basic team info : https://fantasy.premierleague.com/api/entry/427885/
2021-04-21 00:39:59,836 	 [INFO | officialFPLApi.py:149] > Collecting player picks for 427885, 32
2021-04-21 00:39:59,836 	 [INFO | officialFPLApi.py:154] > Request for player picks : https://fantasy.premierleague.com/api/entry/427885/event/32/picks/
2021-04-21 00:40:00,531 	 [INFO | coreUtils.py:63] > No data or incomplete data for teamId#3753381 in DB
2021-04-21 00:40:00,532 	 [INFO | coreUtils.py:64] > Onboarding data for teamId#3753381
2021-04-21 00:40:02,148 	 [INFO | officialFPLApi.py:16] > Collecting basic team info for 3753381
2021-04-21 00:40:02,150 	 [INFO | officialFPLApi.py:21] > Request for basic team info : https://fantasy.premierleague.com/api/entry/3753381/
2021-04-21 00:40:02,346 	 [INFO | officialFPLApi.py:149] > Collecting player picks for 3753381, 32
2021-04-21 00:40:02,346 	 [INFO | officialFPLApi.py:154] > Request for player picks : https://fantasy.premierleague.com/api/entry/3753381/event/32/picks/
2021-04-21 00:40:03,038 	 [INFO | coreUtils.py:63] > No data or incomplete data for teamId#4710397 in DB
2021-04-21 00:40:03,038 	 [INFO | coreUtils.py:64] > Onboarding data for teamId#4710397
2021-04-21 00:40:04,518 	 [INFO | officialFPLApi.py:16] > Collecting basic team info for 4710397
2021-04-21 00:40:04,519 	 [INFO | officialFPLApi.py:21] > Request for basic team info : https://fantasy.premierleague.com/api/entry/4710397/
2021-04-21 00:40:04,715 	 [INFO | officialFPLApi.py:149] > Collecting player picks for 4710397, 32
2021-04-21 00:40:04,715 	 [INFO | officialFPLApi.py:154] > Request for player picks : https://fantasy.premierleague.com/api/entry/4710397/event/32/picks/
2021-04-21 00:40:05,406 	 [INFO | coreUtils.py:63] > No data or incomplete data for teamId#3165748 in DB
2021-04-21 00:40:05,406 	 [INFO | coreUtils.py:64] > Onboarding data for teamId#3165748
2021-04-21 00:40:06,887 	 [INFO | officialFPLApi.py:16] > Collecting basic team info for 3165748
2021-04-21 00:40:06,887 	 [INFO | officialFPLApi.py:21] > Request for basic team info : https://fantasy.premierleague.com/api/entry/3165748/
2021-04-21 00:40:07,093 	 [INFO | officialFPLApi.py:149] > Collecting player picks for 3165748, 32
2021-04-21 00:40:07,093 	 [INFO | officialFPLApi.py:154] > Request for player picks : https://fantasy.premierleague.com/api/entry/3165748/event/32/picks/
2021-04-21 00:40:07,781 	 [INFO | coreUtils.py:63] > No data or incomplete data for teamId#2925830 in DB
2021-04-21 00:40:07,782 	 [INFO | coreUtils.py:64] > Onboarding data for teamId#2925830
2021-04-21 00:40:09,264 	 [INFO | officialFPLApi.py:16] > Collecting basic team info for 2925830
2021-04-21 00:40:09,265 	 [INFO | officialFPLApi.py:21] > Request for basic team info : https://fantasy.premierleague.com/api/entry/2925830/
2021-04-21 00:40:09,453 	 [INFO | officialFPLApi.py:149] > Collecting player picks for 2925830, 32
2021-04-21 00:40:09,453 	 [INFO | officialFPLApi.py:154] > Request for player picks : https://fantasy.premierleague.com/api/entry/2925830/event/32/picks/
2021-04-21 00:40:10,145 	 [INFO | coreUtils.py:63] > No data or incomplete data for teamId#5572779 in DB
2021-04-21 00:40:10,145 	 [INFO | coreUtils.py:64] > Onboarding data for teamId#5572779
2021-04-21 00:40:11,628 	 [INFO | officialFPLApi.py:16] > Collecting basic team info for 5572779
2021-04-21 00:40:11,629 	 [INFO | officialFPLApi.py:21] > Request for basic team info : https://fantasy.premierleague.com/api/entry/5572779/
2021-04-21 00:40:11,821 	 [INFO | officialFPLApi.py:149] > Collecting player picks for 5572779, 32
2021-04-21 00:40:11,822 	 [INFO | officialFPLApi.py:154] > Request for player picks : https://fantasy.premierleague.com/api/entry/5572779/event/32/picks/
2021-04-21 00:40:12,534 	 [INFO | coreUtils.py:63] > No data or incomplete data for teamId#3831449 in DB
2021-04-21 00:40:12,534 	 [INFO | coreUtils.py:64] > Onboarding data for teamId#3831449
2021-04-21 00:40:14,017 	 [INFO | officialFPLApi.py:16] > Collecting basic team info for 3831449
2021-04-21 00:40:14,017 	 [INFO | officialFPLApi.py:21] > Request for basic team info : https://fantasy.premierleague.com/api/entry/3831449/
2021-04-21 00:40:14,211 	 [INFO | officialFPLApi.py:149] > Collecting player picks for 3831449, 32
2021-04-21 00:40:14,211 	 [INFO | officialFPLApi.py:154] > Request for player picks : https://fantasy.premierleague.com/api/entry/3831449/event/32/picks/
2021-04-21 00:40:14,898 	 [INFO | coreUtils.py:63] > No data or incomplete data for teamId#468623 in DB
2021-04-21 00:40:14,898 	 [INFO | coreUtils.py:64] > Onboarding data for teamId#468623
2021-04-21 00:40:16,379 	 [INFO | officialFPLApi.py:16] > Collecting basic team info for 468623
2021-04-21 00:40:16,380 	 [INFO | officialFPLApi.py:21] > Request for basic team info : https://fantasy.premierleague.com/api/entry/468623/
2021-04-21 00:40:16,553 	 [INFO | officialFPLApi.py:149] > Collecting player picks for 468623, 32
2021-04-21 00:40:16,554 	 [INFO | officialFPLApi.py:154] > Request for player picks : https://fantasy.premierleague.com/api/entry/468623/event/32/picks/
2021-04-21 00:40:17,250 	 [INFO | coreUtils.py:63] > No data or incomplete data for teamId#1664036 in DB
2021-04-21 00:40:17,251 	 [INFO | coreUtils.py:64] > Onboarding data for teamId#1664036
2021-04-21 00:40:18,731 	 [INFO | officialFPLApi.py:16] > Collecting basic team info for 1664036
2021-04-21 00:40:18,731 	 [INFO | officialFPLApi.py:21] > Request for basic team info : https://fantasy.premierleague.com/api/entry/1664036/
2021-04-21 00:40:18,925 	 [INFO | officialFPLApi.py:149] > Collecting player picks for 1664036, 32
2021-04-21 00:40:18,926 	 [INFO | officialFPLApi.py:154] > Request for player picks : https://fantasy.premierleague.com/api/entry/1664036/event/32/picks/
2021-04-21 00:40:19,615 	 [INFO | coreUtils.py:63] > No data or incomplete data for teamId#3758444 in DB
2021-04-21 00:40:19,615 	 [INFO | coreUtils.py:64] > Onboarding data for teamId#3758444
2021-04-21 00:40:21,100 	 [INFO | officialFPLApi.py:16] > Collecting basic team info for 3758444
2021-04-21 00:40:21,101 	 [INFO | officialFPLApi.py:21] > Request for basic team info : https://fantasy.premierleague.com/api/entry/3758444/
2021-04-21 00:40:21,291 	 [INFO | officialFPLApi.py:149] > Collecting player picks for 3758444, 32
2021-04-21 00:40:21,291 	 [INFO | officialFPLApi.py:154] > Request for player picks : https://fantasy.premierleague.com/api/entry/3758444/event/32/picks/
2021-04-21 00:40:21,992 	 [INFO | coreUtils.py:63] > No data or incomplete data for teamId#5032016 in DB
2021-04-21 00:40:21,992 	 [INFO | coreUtils.py:64] > Onboarding data for teamId#5032016
2021-04-21 00:40:23,484 	 [INFO | officialFPLApi.py:16] > Collecting basic team info for 5032016
2021-04-21 00:40:23,484 	 [INFO | officialFPLApi.py:21] > Request for basic team info : https://fantasy.premierleague.com/api/entry/5032016/
2021-04-21 00:40:23,676 	 [INFO | officialFPLApi.py:149] > Collecting player picks for 5032016, 32
2021-04-21 00:40:23,677 	 [INFO | officialFPLApi.py:154] > Request for player picks : https://fantasy.premierleague.com/api/entry/5032016/event/32/picks/
2021-04-21 00:40:24,381 	 [INFO | coreUtils.py:63] > No data or incomplete data for teamId#4452170 in DB
2021-04-21 00:40:24,381 	 [INFO | coreUtils.py:64] > Onboarding data for teamId#4452170
2021-04-21 00:40:25,863 	 [INFO | officialFPLApi.py:16] > Collecting basic team info for 4452170
2021-04-21 00:40:25,864 	 [INFO | officialFPLApi.py:21] > Request for basic team info : https://fantasy.premierleague.com/api/entry/4452170/
2021-04-21 00:40:26,059 	 [INFO | officialFPLApi.py:149] > Collecting player picks for 4452170, 32
2021-04-21 00:40:26,059 	 [INFO | officialFPLApi.py:154] > Request for player picks : https://fantasy.premierleague.com/api/entry/4452170/event/32/picks/
2021-04-21 00:40:26,752 	 [INFO | coreUtils.py:63] > No data or incomplete data for teamId#5510973 in DB
2021-04-21 00:40:26,753 	 [INFO | coreUtils.py:64] > Onboarding data for teamId#5510973
2021-04-21 00:40:28,235 	 [INFO | officialFPLApi.py:16] > Collecting basic team info for 5510973
2021-04-21 00:40:28,235 	 [INFO | officialFPLApi.py:21] > Request for basic team info : https://fantasy.premierleague.com/api/entry/5510973/
2021-04-21 00:40:28,425 	 [INFO | officialFPLApi.py:149] > Collecting player picks for 5510973, 32
2021-04-21 00:40:28,425 	 [INFO | officialFPLApi.py:154] > Request for player picks : https://fantasy.premierleague.com/api/entry/5510973/event/32/picks/
2021-04-21 00:40:29,115 	 [INFO | coreUtils.py:63] > No data or incomplete data for teamId#4693999 in DB
2021-04-21 00:40:29,115 	 [INFO | coreUtils.py:64] > Onboarding data for teamId#4693999
2021-04-21 00:40:30,593 	 [INFO | officialFPLApi.py:16] > Collecting basic team info for 4693999
2021-04-21 00:40:30,594 	 [INFO | officialFPLApi.py:21] > Request for basic team info : https://fantasy.premierleague.com/api/entry/4693999/
2021-04-21 00:40:30,779 	 [INFO | officialFPLApi.py:149] > Collecting player picks for 4693999, 32
2021-04-21 00:40:30,779 	 [INFO | officialFPLApi.py:154] > Request for player picks : https://fantasy.premierleague.com/api/entry/4693999/event/32/picks/
2021-04-21 00:40:31,471 	 [INFO | coreUtils.py:63] > No data or incomplete data for teamId#4622834 in DB
2021-04-21 00:40:31,472 	 [INFO | coreUtils.py:64] > Onboarding data for teamId#4622834
2021-04-21 00:40:32,963 	 [INFO | officialFPLApi.py:16] > Collecting basic team info for 4622834
2021-04-21 00:40:32,963 	 [INFO | officialFPLApi.py:21] > Request for basic team info : https://fantasy.premierleague.com/api/entry/4622834/
2021-04-21 00:40:33,153 	 [INFO | officialFPLApi.py:149] > Collecting player picks for 4622834, 32
2021-04-21 00:40:33,153 	 [INFO | officialFPLApi.py:154] > Request for player picks : https://fantasy.premierleague.com/api/entry/4622834/event/32/picks/
2021-04-21 00:40:33,848 	 [INFO | coreUtils.py:63] > No data or incomplete data for teamId#4804247 in DB
2021-04-21 00:40:33,849 	 [INFO | coreUtils.py:64] > Onboarding data for teamId#4804247
2021-04-21 00:40:35,331 	 [INFO | officialFPLApi.py:16] > Collecting basic team info for 4804247
2021-04-21 00:40:35,331 	 [INFO | officialFPLApi.py:21] > Request for basic team info : https://fantasy.premierleague.com/api/entry/4804247/
2021-04-21 00:40:35,515 	 [INFO | officialFPLApi.py:149] > Collecting player picks for 4804247, 32
2021-04-21 00:40:35,515 	 [INFO | officialFPLApi.py:154] > Request for player picks : https://fantasy.premierleague.com/api/entry/4804247/event/32/picks/
2021-04-21 01:14:07,187 	 [INFO | officialFPLApi.py:121] > Collecting bootstrap static data
2021-04-21 01:14:07,188 	 [INFO | officialFPLApi.py:126] > Request for bootstrap static data : https://fantasy.premierleague.com/api/bootstrap-static/
2021-04-21 01:14:07,525 	 [INFO | service.py:19] > Dashboard service listening on http://localhost:8086
2021-04-21 01:14:48,619 	 [INFO | classicLeagueLiveHandler.py:19] > [INCOMING] Request at /api/classicleague/854530 
2021-04-21 01:16:18,790 	 [ERROR | classicLeagueLiveHandler.py:28] > [EXCEPTION] While trying to respond to query /api/classicleague/854530
Traceback (most recent call last):
  File "D:\Sherine Davis\Code\PycharmProjects\FPLDasherboard\fpldb\dashboardService\handlers\classicLeagueLiveHandler.py", line 23, in get
    response = self.calculateLiveStandingsForLeague()
  File "D:\Sherine Davis\Code\PycharmProjects\FPLDasherboard\fpldb\dashboardService\handlers\classicLeagueLiveHandler.py", line 272, in calculateLiveStandingsForLeague
    currentStandings = self.getClassicLeagueStandings(leagueId)
  File "D:\Sherine Davis\Code\PycharmProjects\FPLDasherboard\fpldb\dashboardService\handlers\classicLeagueLiveHandler.py", line 208, in getClassicLeagueStandings
    for entry in basicInfo['standings']['results']:
KeyError: 'standings'
2021-04-21 01:17:56,594 	 [INFO | officialFPLApi.py:121] > Collecting bootstrap static data
2021-04-21 01:17:56,595 	 [INFO | officialFPLApi.py:126] > Request for bootstrap static data : https://fantasy.premierleague.com/api/bootstrap-static/
2021-04-21 01:17:56,982 	 [INFO | service.py:19] > Dashboard service listening on http://localhost:8086
2021-04-21 01:18:01,929 	 [INFO | classicLeagueLiveHandler.py:19] > [INCOMING] Request at /api/classicleague/854530 
