2021-04-27 00:19:16,978 	 [INFO | officialFPLApi.py:121] > Collecting bootstrap static data
2021-04-27 00:19:16,979 	 [INFO | officialFPLApi.py:126] > Request for bootstrap static data : https://fantasy.premierleague.com/api/bootstrap-static/
2021-04-27 00:19:17,556 	 [INFO | officialFPLApi.py:98] > Collecting event status
2021-04-27 00:19:17,556 	 [INFO | officialFPLApi.py:103] > Request for event status : https://fantasy.premierleague.com/api/event-status/
2021-04-27 00:19:17,727 	 [INFO | officialFPLApi.py:85] > Collecting fixture information
2021-04-27 00:19:17,728 	 [INFO | officialFPLApi.py:85] > Collecting fixture information
2021-04-27 00:19:17,728 	 [INFO | officialFPLApi.py:90] > Request for event status : https://fantasy.premierleague.com/api/fixtures/?event=33
2021-04-27 00:19:17,730 	 [INFO | officialFPLApi.py:90] > Request for event status : https://fantasy.premierleague.com/api/fixtures/?event=33
2021-04-27 00:19:17,732 	 [INFO | service.py:19] > Dashboard service listening on http://localhost:8086
2021-04-27 00:19:17,911 	 [INFO | officialFPLApi.py:30] > Collecting live data info
2021-04-27 00:19:17,912 	 [INFO | officialFPLApi.py:35] > Request for basic team info : https://fantasy.premierleague.com/api/event/33/live
2021-04-27 00:19:18,256 	 [INFO | officialFPLApi.py:85] > Collecting fixture information
2021-04-27 00:19:18,256 	 [INFO | officialFPLApi.py:90] > Request for event status : https://fantasy.premierleague.com/api/fixtures/?event=33
2021-04-27 00:19:39,915 	 [INFO | classicLeagueLiveHandler.py:25] > [INCOMING] Request at /api/live/classicleague/854530 
2021-04-27 00:21:18,503 	 [INFO | officialFPLApi.py:85] > Collecting fixture information
2021-04-27 00:21:18,504 	 [INFO | officialFPLApi.py:90] > Request for event status : https://fantasy.premierleague.com/api/fixtures/?event=33
2021-04-27 00:23:18,682 	 [INFO | officialFPLApi.py:85] > Collecting fixture information
2021-04-27 00:23:18,683 	 [INFO | officialFPLApi.py:90] > Request for event status : https://fantasy.premierleague.com/api/fixtures/?event=33
2021-04-27 00:24:19,445 	 [INFO | officialFPLApi.py:85] > Collecting fixture information
2021-04-27 00:24:19,445 	 [INFO | officialFPLApi.py:90] > Request for event status : https://fantasy.premierleague.com/api/fixtures/?event=33
2021-04-27 00:25:18,863 	 [INFO | officialFPLApi.py:85] > Collecting fixture information
2021-04-27 00:25:18,866 	 [INFO | officialFPLApi.py:90] > Request for event status : https://fantasy.premierleague.com/api/fixtures/?event=33
2021-04-27 00:27:19,041 	 [INFO | officialFPLApi.py:85] > Collecting fixture information
2021-04-27 00:27:19,042 	 [INFO | officialFPLApi.py:90] > Request for event status : https://fantasy.premierleague.com/api/fixtures/?event=33
2021-04-27 00:29:19,190 	 [INFO | officialFPLApi.py:85] > Collecting fixture information
2021-04-27 00:29:19,191 	 [INFO | officialFPLApi.py:90] > Request for event status : https://fantasy.premierleague.com/api/fixtures/?event=33
2021-04-27 00:29:20,763 	 [INFO | officialFPLApi.py:85] > Collecting fixture information
2021-04-27 00:29:20,764 	 [INFO | officialFPLApi.py:90] > Request for event status : https://fantasy.premierleague.com/api/fixtures/?event=33
2021-04-27 00:31:19,364 	 [INFO | officialFPLApi.py:85] > Collecting fixture information
2021-04-27 00:31:19,365 	 [INFO | officialFPLApi.py:90] > Request for event status : https://fantasy.premierleague.com/api/fixtures/?event=33
2021-04-27 00:31:19,541 	 [INFO | officialFPLApi.py:30] > Collecting live data info
2021-04-27 00:31:19,542 	 [INFO | officialFPLApi.py:35] > Request for basic team info : https://fantasy.premierleague.com/api/event/33/live
2021-04-27 00:31:19,857 	 [INFO | officialFPLApi.py:85] > Collecting fixture information
2021-04-27 00:31:19,858 	 [INFO | officialFPLApi.py:90] > Request for event status : https://fantasy.premierleague.com/api/fixtures/?event=33
2021-04-27 00:33:20,044 	 [INFO | officialFPLApi.py:85] > Collecting fixture information
2021-04-27 00:33:20,044 	 [INFO | officialFPLApi.py:90] > Request for event status : https://fantasy.premierleague.com/api/fixtures/?event=33
2021-04-27 00:33:20,205 	 [INFO | officialFPLApi.py:30] > Collecting live data info
2021-04-27 00:33:20,206 	 [INFO | officialFPLApi.py:35] > Request for basic team info : https://fantasy.premierleague.com/api/event/33/live
2021-04-27 00:33:20,542 	 [INFO | officialFPLApi.py:85] > Collecting fixture information
2021-04-27 00:33:20,543 	 [INFO | officialFPLApi.py:90] > Request for event status : https://fantasy.premierleague.com/api/fixtures/?event=33
2021-04-27 00:34:22,072 	 [INFO | officialFPLApi.py:85] > Collecting fixture information
2021-04-27 00:34:22,072 	 [INFO | officialFPLApi.py:90] > Request for event status : https://fantasy.premierleague.com/api/fixtures/?event=33
2021-04-27 00:35:20,739 	 [INFO | officialFPLApi.py:85] > Collecting fixture information
2021-04-27 00:35:20,740 	 [INFO | officialFPLApi.py:90] > Request for event status : https://fantasy.premierleague.com/api/fixtures/?event=33
2021-04-27 00:35:20,914 	 [INFO | officialFPLApi.py:30] > Collecting live data info
2021-04-27 00:35:20,914 	 [INFO | officialFPLApi.py:35] > Request for basic team info : https://fantasy.premierleague.com/api/event/33/live
2021-04-27 00:35:21,259 	 [INFO | officialFPLApi.py:85] > Collecting fixture information
2021-04-27 00:35:21,259 	 [INFO | officialFPLApi.py:90] > Request for event status : https://fantasy.premierleague.com/api/fixtures/?event=33
2021-04-27 00:36:25,166 	 [INFO | officialFPLApi.py:121] > Collecting bootstrap static data
2021-04-27 00:36:25,166 	 [INFO | officialFPLApi.py:126] > Request for bootstrap static data : https://fantasy.premierleague.com/api/bootstrap-static/
2021-04-27 00:36:25,884 	 [INFO | officialFPLApi.py:98] > Collecting event status
2021-04-27 00:36:25,885 	 [INFO | officialFPLApi.py:103] > Request for event status : https://fantasy.premierleague.com/api/event-status/
2021-04-27 00:36:26,070 	 [INFO | officialFPLApi.py:85] > Collecting fixture information
2021-04-27 00:36:26,071 	 [INFO | officialFPLApi.py:90] > Request for event status : https://fantasy.premierleague.com/api/fixtures/?event=None
2021-04-27 00:36:26,072 	 [INFO | officialFPLApi.py:85] > Collecting fixture information
2021-04-27 00:36:26,073 	 [INFO | officialFPLApi.py:90] > Request for event status : https://fantasy.premierleague.com/api/fixtures/?event=33
2021-04-27 00:36:26,074 	 [INFO | service.py:19] > Dashboard service listening on http://localhost:8086
2021-04-27 00:36:26,248 	 [INFO | officialFPLApi.py:30] > Collecting live data info
2021-04-27 00:36:26,248 	 [INFO | officialFPLApi.py:35] > Request for basic team info : https://fantasy.premierleague.com/api/event/33/live
2021-04-27 00:36:26,592 	 [INFO | officialFPLApi.py:85] > Collecting fixture information
2021-04-27 00:36:26,593 	 [INFO | officialFPLApi.py:90] > Request for event status : https://fantasy.premierleague.com/api/fixtures/?event=33
2021-04-27 00:36:38,916 	 [INFO | officialFPLApi.py:121] > Collecting bootstrap static data
2021-04-27 00:36:38,916 	 [INFO | officialFPLApi.py:126] > Request for bootstrap static data : https://fantasy.premierleague.com/api/bootstrap-static/
2021-04-27 00:36:39,665 	 [INFO | officialFPLApi.py:98] > Collecting event status
2021-04-27 00:36:39,666 	 [INFO | officialFPLApi.py:103] > Request for event status : https://fantasy.premierleague.com/api/event-status/
2021-04-27 00:36:39,858 	 [INFO | officialFPLApi.py:85] > Collecting fixture information
2021-04-27 00:36:39,858 	 [INFO | officialFPLApi.py:85] > Collecting fixture information
2021-04-27 00:36:39,859 	 [INFO | service.py:19] > Dashboard service listening on http://localhost:8086
2021-04-27 00:36:39,859 	 [INFO | officialFPLApi.py:90] > Request for event status : https://fantasy.premierleague.com/api/fixtures/?event=None
2021-04-27 00:36:39,860 	 [INFO | officialFPLApi.py:90] > Request for event status : https://fantasy.premierleague.com/api/fixtures/?event=33
2021-04-27 00:36:40,036 	 [INFO | officialFPLApi.py:30] > Collecting live data info
2021-04-27 00:36:40,037 	 [INFO | officialFPLApi.py:35] > Request for basic team info : https://fantasy.premierleague.com/api/event/33/live
2021-04-27 00:36:40,374 	 [INFO | officialFPLApi.py:85] > Collecting fixture information
2021-04-27 00:36:40,374 	 [INFO | officialFPLApi.py:90] > Request for event status : https://fantasy.premierleague.com/api/fixtures/?event=33
2021-04-27 00:37:08,433 	 [INFO | officialFPLApi.py:121] > Collecting bootstrap static data
2021-04-27 00:37:08,434 	 [INFO | officialFPLApi.py:126] > Request for bootstrap static data : https://fantasy.premierleague.com/api/bootstrap-static/
2021-04-27 00:37:09,141 	 [INFO | officialFPLApi.py:98] > Collecting event status
2021-04-27 00:37:09,142 	 [INFO | officialFPLApi.py:103] > Request for event status : https://fantasy.premierleague.com/api/event-status/
2021-04-27 00:37:09,328 	 [INFO | officialFPLApi.py:85] > Collecting fixture information
2021-04-27 00:37:09,328 	 [INFO | service.py:19] > Dashboard service listening on http://localhost:8086
2021-04-27 00:37:09,329 	 [INFO | officialFPLApi.py:90] > Request for event status : https://fantasy.premierleague.com/api/fixtures/?event=33
2021-04-27 00:37:09,329 	 [INFO | officialFPLApi.py:85] > Collecting fixture information
2021-04-27 00:37:09,333 	 [INFO | officialFPLApi.py:90] > Request for event status : https://fantasy.premierleague.com/api/fixtures/?event=33
2021-04-27 00:37:09,514 	 [INFO | officialFPLApi.py:30] > Collecting live data info
2021-04-27 00:37:09,516 	 [INFO | officialFPLApi.py:35] > Request for basic team info : https://fantasy.premierleague.com/api/event/33/live
2021-04-27 00:37:09,908 	 [INFO | officialFPLApi.py:85] > Collecting fixture information
2021-04-27 00:37:09,909 	 [INFO | officialFPLApi.py:90] > Request for event status : https://fantasy.premierleague.com/api/fixtures/?event=33
2021-04-27 00:37:14,103 	 [INFO | classicLeagueLiveHandler.py:25] > [INCOMING] Request at /api/live/classicleague/854530 
2021-04-27 00:39:10,088 	 [INFO | officialFPLApi.py:85] > Collecting fixture information
2021-04-27 00:39:10,089 	 [INFO | officialFPLApi.py:90] > Request for event status : https://fantasy.premierleague.com/api/fixtures/?event=33
2021-04-27 00:39:10,266 	 [INFO | officialFPLApi.py:30] > Collecting live data info
2021-04-27 00:39:10,267 	 [INFO | officialFPLApi.py:35] > Request for basic team info : https://fantasy.premierleague.com/api/event/33/live
2021-04-27 00:39:10,613 	 [INFO | officialFPLApi.py:85] > Collecting fixture information
2021-04-27 00:39:10,614 	 [INFO | officialFPLApi.py:90] > Request for event status : https://fantasy.premierleague.com/api/fixtures/?event=33
2021-04-27 00:41:10,803 	 [INFO | officialFPLApi.py:85] > Collecting fixture information
2021-04-27 00:41:10,805 	 [INFO | officialFPLApi.py:90] > Request for event status : https://fantasy.premierleague.com/api/fixtures/?event=33
2021-04-27 00:41:10,978 	 [INFO | officialFPLApi.py:30] > Collecting live data info
2021-04-27 00:41:10,979 	 [INFO | officialFPLApi.py:35] > Request for basic team info : https://fantasy.premierleague.com/api/event/33/live
2021-04-27 00:41:11,306 	 [INFO | officialFPLApi.py:85] > Collecting fixture information
2021-04-27 00:41:11,307 	 [INFO | officialFPLApi.py:90] > Request for event status : https://fantasy.premierleague.com/api/fixtures/?event=33
2021-04-27 00:42:10,654 	 [INFO | officialFPLApi.py:85] > Collecting fixture information
2021-04-27 00:42:10,655 	 [INFO | officialFPLApi.py:90] > Request for event status : https://fantasy.premierleague.com/api/fixtures/?event=33
2021-04-27 00:43:11,487 	 [INFO | officialFPLApi.py:85] > Collecting fixture information
2021-04-27 00:43:11,488 	 [INFO | officialFPLApi.py:90] > Request for event status : https://fantasy.premierleague.com/api/fixtures/?event=33
2021-04-27 00:43:11,656 	 [INFO | officialFPLApi.py:30] > Collecting live data info
2021-04-27 00:43:11,657 	 [INFO | officialFPLApi.py:35] > Request for basic team info : https://fantasy.premierleague.com/api/event/33/live
2021-04-27 00:43:12,395 	 [INFO | officialFPLApi.py:85] > Collecting fixture information
2021-04-27 00:43:12,396 	 [INFO | officialFPLApi.py:90] > Request for event status : https://fantasy.premierleague.com/api/fixtures/?event=33
2021-04-27 00:45:12,589 	 [INFO | officialFPLApi.py:85] > Collecting fixture information
2021-04-27 00:45:12,589 	 [INFO | officialFPLApi.py:90] > Request for event status : https://fantasy.premierleague.com/api/fixtures/?event=33
2021-04-27 00:45:12,752 	 [INFO | officialFPLApi.py:30] > Collecting live data info
2021-04-27 00:45:12,753 	 [INFO | officialFPLApi.py:35] > Request for basic team info : https://fantasy.premierleague.com/api/event/33/live
2021-04-27 00:45:13,084 	 [INFO | officialFPLApi.py:85] > Collecting fixture information
2021-04-27 00:45:13,085 	 [INFO | officialFPLApi.py:90] > Request for event status : https://fantasy.premierleague.com/api/fixtures/?event=33
2021-04-27 00:47:11,971 	 [INFO | officialFPLApi.py:85] > Collecting fixture information
2021-04-27 00:47:11,972 	 [INFO | officialFPLApi.py:90] > Request for event status : https://fantasy.premierleague.com/api/fixtures/?event=33
2021-04-27 00:47:13,280 	 [INFO | officialFPLApi.py:85] > Collecting fixture information
2021-04-27 00:47:13,280 	 [INFO | officialFPLApi.py:90] > Request for event status : https://fantasy.premierleague.com/api/fixtures/?event=33
2021-04-27 00:47:13,468 	 [INFO | officialFPLApi.py:30] > Collecting live data info
2021-04-27 00:47:13,468 	 [INFO | officialFPLApi.py:35] > Request for basic team info : https://fantasy.premierleague.com/api/event/33/live
2021-04-27 00:47:13,842 	 [INFO | officialFPLApi.py:85] > Collecting fixture information
2021-04-27 00:47:13,842 	 [INFO | officialFPLApi.py:90] > Request for event status : https://fantasy.premierleague.com/api/fixtures/?event=33
2021-04-27 00:49:14,026 	 [INFO | officialFPLApi.py:85] > Collecting fixture information
2021-04-27 00:49:14,027 	 [INFO | officialFPLApi.py:90] > Request for event status : https://fantasy.premierleague.com/api/fixtures/?event=33
2021-04-27 00:49:14,186 	 [INFO | officialFPLApi.py:30] > Collecting live data info
2021-04-27 00:49:14,187 	 [INFO | officialFPLApi.py:35] > Request for basic team info : https://fantasy.premierleague.com/api/event/33/live
2021-04-27 00:49:14,548 	 [INFO | officialFPLApi.py:85] > Collecting fixture information
2021-04-27 00:49:14,549 	 [INFO | officialFPLApi.py:90] > Request for event status : https://fantasy.premierleague.com/api/fixtures/?event=33
2021-04-27 00:51:14,724 	 [INFO | officialFPLApi.py:85] > Collecting fixture information
2021-04-27 00:51:14,724 	 [INFO | officialFPLApi.py:90] > Request for event status : https://fantasy.premierleague.com/api/fixtures/?event=33
2021-04-27 00:51:14,917 	 [INFO | officialFPLApi.py:30] > Collecting live data info
2021-04-27 00:51:14,917 	 [INFO | officialFPLApi.py:35] > Request for basic team info : https://fantasy.premierleague.com/api/event/33/live
2021-04-27 00:51:15,233 	 [INFO | officialFPLApi.py:85] > Collecting fixture information
2021-04-27 00:51:15,234 	 [INFO | officialFPLApi.py:90] > Request for event status : https://fantasy.premierleague.com/api/fixtures/?event=33
2021-04-27 00:52:13,259 	 [INFO | officialFPLApi.py:85] > Collecting fixture information
2021-04-27 00:52:13,259 	 [INFO | officialFPLApi.py:90] > Request for event status : https://fantasy.premierleague.com/api/fixtures/?event=33
2021-04-27 00:53:15,776 	 [INFO | officialFPLApi.py:85] > Collecting fixture information
2021-04-27 00:53:15,776 	 [INFO | officialFPLApi.py:90] > Request for event status : https://fantasy.premierleague.com/api/fixtures/?event=33
2021-04-27 00:53:15,963 	 [INFO | officialFPLApi.py:30] > Collecting live data info
2021-04-27 00:53:15,964 	 [INFO | officialFPLApi.py:35] > Request for basic team info : https://fantasy.premierleague.com/api/event/33/live
2021-04-27 00:53:18,117 	 [INFO | officialFPLApi.py:85] > Collecting fixture information
2021-04-27 00:53:18,118 	 [INFO | officialFPLApi.py:90] > Request for event status : https://fantasy.premierleague.com/api/fixtures/?event=33
2021-04-27 00:55:18,363 	 [INFO | officialFPLApi.py:85] > Collecting fixture information
2021-04-27 00:55:18,364 	 [INFO | officialFPLApi.py:90] > Request for event status : https://fantasy.premierleague.com/api/fixtures/?event=33
2021-04-27 00:55:18,562 	 [INFO | officialFPLApi.py:30] > Collecting live data info
2021-04-27 00:55:18,562 	 [INFO | officialFPLApi.py:35] > Request for basic team info : https://fantasy.premierleague.com/api/event/33/live
2021-04-27 00:55:18,949 	 [INFO | officialFPLApi.py:85] > Collecting fixture information
2021-04-27 00:55:18,949 	 [INFO | officialFPLApi.py:90] > Request for event status : https://fantasy.premierleague.com/api/fixtures/?event=33
2021-04-27 00:57:14,534 	 [INFO | officialFPLApi.py:85] > Collecting fixture information
2021-04-27 00:57:14,535 	 [INFO | officialFPLApi.py:90] > Request for event status : https://fantasy.premierleague.com/api/fixtures/?event=33
2021-04-27 00:57:19,125 	 [INFO | officialFPLApi.py:85] > Collecting fixture information
2021-04-27 00:57:19,126 	 [INFO | officialFPLApi.py:90] > Request for event status : https://fantasy.premierleague.com/api/fixtures/?event=33
2021-04-27 00:57:19,324 	 [INFO | officialFPLApi.py:30] > Collecting live data info
2021-04-27 00:57:19,326 	 [INFO | officialFPLApi.py:35] > Request for basic team info : https://fantasy.premierleague.com/api/event/33/live
2021-04-27 00:57:19,673 	 [INFO | officialFPLApi.py:85] > Collecting fixture information
2021-04-27 00:57:19,674 	 [INFO | officialFPLApi.py:90] > Request for event status : https://fantasy.premierleague.com/api/fixtures/?event=33
2021-04-27 00:59:19,872 	 [INFO | officialFPLApi.py:85] > Collecting fixture information
2021-04-27 00:59:19,873 	 [INFO | officialFPLApi.py:90] > Request for event status : https://fantasy.premierleague.com/api/fixtures/?event=33
2021-04-27 00:59:20,036 	 [INFO | officialFPLApi.py:30] > Collecting live data info
2021-04-27 00:59:20,036 	 [INFO | officialFPLApi.py:35] > Request for basic team info : https://fantasy.premierleague.com/api/event/33/live
2021-04-27 00:59:20,376 	 [INFO | officialFPLApi.py:85] > Collecting fixture information
2021-04-27 00:59:20,377 	 [INFO | officialFPLApi.py:90] > Request for event status : https://fantasy.premierleague.com/api/fixtures/?event=33
2021-04-27 00:59:43,488 	 [INFO | officialFPLApi.py:121] > Collecting bootstrap static data
2021-04-27 00:59:43,488 	 [INFO | officialFPLApi.py:126] > Request for bootstrap static data : https://fantasy.premierleague.com/api/bootstrap-static/
2021-04-27 00:59:43,829 	 [INFO | leagueMembershipCacheJob.py:24] > Running LeagueMembershipCacheJob ...
2021-04-27 00:59:48,152 	 [INFO | leagueMembershipCacheJob.py:27] > Onboarding/updating league id # 854530
2021-04-27 00:59:48,155 	 [INFO | officialFPLApi.py:98] > Collecting event status
2021-04-27 00:59:48,156 	 [INFO | officialFPLApi.py:103] > Request for event status : https://fantasy.premierleague.com/api/event-status/
2021-04-27 00:59:48,317 	 [INFO | officialFPLApi.py:166] > Collecting classic league standings for 854530
2021-04-27 00:59:48,317 	 [INFO | officialFPLApi.py:171] > Request for classic league standings : https://fantasy.premierleague.com/api/leagues-classic/854530/standings/
2021-04-27 00:59:53,787 	 [INFO | coreUtils.py:63] > No data or incomplete data for teamId#2599752 in DB
2021-04-27 00:59:53,787 	 [INFO | coreUtils.py:64] > Onboarding data for teamId#2599752
2021-04-27 00:59:55,258 	 [INFO | officialFPLApi.py:16] > Collecting basic team info for 2599752
2021-04-27 00:59:55,259 	 [INFO | officialFPLApi.py:21] > Request for basic team info : https://fantasy.premierleague.com/api/entry/2599752/
2021-04-27 00:59:55,542 	 [INFO | officialFPLApi.py:149] > Collecting player picks for 2599752, 33
2021-04-27 00:59:55,542 	 [INFO | officialFPLApi.py:154] > Request for player picks : https://fantasy.premierleague.com/api/entry/2599752/event/33/picks/
2021-04-27 01:06:22,668 	 [INFO | officialFPLApi.py:121] > Collecting bootstrap static data
2021-04-27 01:06:22,668 	 [INFO | officialFPLApi.py:126] > Request for bootstrap static data : https://fantasy.premierleague.com/api/bootstrap-static/
2021-04-27 01:06:23,014 	 [INFO | leagueMembershipCacheJob.py:24] > Running LeagueMembershipCacheJob ...
2021-04-27 01:06:27,278 	 [INFO | leagueMembershipCacheJob.py:27] > Onboarding/updating league id # 854530
2021-04-27 01:06:27,281 	 [INFO | officialFPLApi.py:98] > Collecting event status
2021-04-27 01:06:27,281 	 [INFO | officialFPLApi.py:103] > Request for event status : https://fantasy.premierleague.com/api/event-status/
2021-04-27 01:06:27,438 	 [INFO | officialFPLApi.py:166] > Collecting classic league standings for 854530
2021-04-27 01:06:27,438 	 [INFO | officialFPLApi.py:171] > Request for classic league standings : https://fantasy.premierleague.com/api/leagues-classic/854530/standings/
2021-04-27 01:06:32,833 	 [INFO | coreUtils.py:63] > No data or incomplete data for teamId#2599752 in DB
2021-04-27 01:06:32,834 	 [INFO | coreUtils.py:64] > Onboarding data for teamId#2599752
2021-04-27 01:06:34,314 	 [INFO | officialFPLApi.py:16] > Collecting basic team info for 2599752
2021-04-27 01:06:34,314 	 [INFO | officialFPLApi.py:21] > Request for basic team info : https://fantasy.premierleague.com/api/entry/2599752/
2021-04-27 01:06:34,470 	 [INFO | officialFPLApi.py:149] > Collecting player picks for 2599752, 33
2021-04-27 01:06:34,470 	 [INFO | officialFPLApi.py:154] > Request for player picks : https://fantasy.premierleague.com/api/entry/2599752/event/33/picks/
2021-04-27 01:06:50,092 	 [INFO | coreUtils.py:63] > No data or incomplete data for teamId#4979783 in DB
2021-04-27 01:06:50,093 	 [INFO | coreUtils.py:64] > Onboarding data for teamId#4979783
2021-04-27 01:06:51,577 	 [INFO | officialFPLApi.py:16] > Collecting basic team info for 4979783
2021-04-27 01:06:51,578 	 [INFO | officialFPLApi.py:21] > Request for basic team info : https://fantasy.premierleague.com/api/entry/4979783/
2021-04-27 01:06:51,740 	 [INFO | officialFPLApi.py:149] > Collecting player picks for 4979783, 33
2021-04-27 01:06:51,740 	 [INFO | officialFPLApi.py:154] > Request for player picks : https://fantasy.premierleague.com/api/entry/4979783/event/33/picks/
2021-04-27 01:13:23,843 	 [INFO | coreUtils.py:63] > No data or incomplete data for teamId#489665 in DB
2021-04-27 01:13:23,843 	 [INFO | coreUtils.py:64] > Onboarding data for teamId#489665
2021-04-27 01:13:25,327 	 [INFO | officialFPLApi.py:16] > Collecting basic team info for 489665
2021-04-27 01:13:25,327 	 [INFO | officialFPLApi.py:21] > Request for basic team info : https://fantasy.premierleague.com/api/entry/489665/
2021-04-27 01:13:25,598 	 [INFO | officialFPLApi.py:149] > Collecting player picks for 489665, 33
2021-04-27 01:13:25,598 	 [INFO | officialFPLApi.py:154] > Request for player picks : https://fantasy.premierleague.com/api/entry/489665/event/33/picks/
2021-04-27 01:13:29,025 	 [INFO | officialFPLApi.py:121] > Collecting bootstrap static data
2021-04-27 01:13:29,025 	 [INFO | officialFPLApi.py:126] > Request for bootstrap static data : https://fantasy.premierleague.com/api/bootstrap-static/
2021-04-27 01:13:29,277 	 [INFO | leagueMembershipCacheJob.py:24] > Running LeagueMembershipCacheJob ...
2021-04-27 01:13:33,406 	 [INFO | leagueMembershipCacheJob.py:27] > Onboarding/updating league id # 854530
2021-04-27 01:13:33,407 	 [INFO | officialFPLApi.py:98] > Collecting event status
2021-04-27 01:13:33,407 	 [INFO | officialFPLApi.py:103] > Request for event status : https://fantasy.premierleague.com/api/event-status/
2021-04-27 01:13:33,584 	 [INFO | officialFPLApi.py:166] > Collecting classic league standings for 854530
2021-04-27 01:13:33,584 	 [INFO | officialFPLApi.py:171] > Request for classic league standings : https://fantasy.premierleague.com/api/leagues-classic/854530/standings/
2021-04-27 01:13:39,063 	 [INFO | coreUtils.py:63] > No data or incomplete data for teamId#2599752 in DB
2021-04-27 01:13:39,064 	 [INFO | coreUtils.py:64] > Onboarding data for teamId#2599752
2021-04-27 01:13:40,550 	 [INFO | officialFPLApi.py:16] > Collecting basic team info for 2599752
2021-04-27 01:13:40,550 	 [INFO | officialFPLApi.py:21] > Request for basic team info : https://fantasy.premierleague.com/api/entry/2599752/
2021-04-27 01:13:40,694 	 [INFO | officialFPLApi.py:149] > Collecting player picks for 2599752, 33
2021-04-27 01:13:40,694 	 [INFO | officialFPLApi.py:154] > Request for player picks : https://fantasy.premierleague.com/api/entry/2599752/event/33/picks/
2021-04-27 01:13:41,326 	 [INFO | coreUtils.py:63] > No data or incomplete data for teamId#4979783 in DB
2021-04-27 01:13:41,326 	 [INFO | coreUtils.py:64] > Onboarding data for teamId#4979783
2021-04-27 01:13:42,808 	 [INFO | officialFPLApi.py:16] > Collecting basic team info for 4979783
2021-04-27 01:13:42,809 	 [INFO | officialFPLApi.py:21] > Request for basic team info : https://fantasy.premierleague.com/api/entry/4979783/
2021-04-27 01:13:42,968 	 [INFO | officialFPLApi.py:149] > Collecting player picks for 4979783, 33
2021-04-27 01:13:42,968 	 [INFO | officialFPLApi.py:154] > Request for player picks : https://fantasy.premierleague.com/api/entry/4979783/event/33/picks/
2021-04-27 01:13:43,714 	 [INFO | coreUtils.py:63] > No data or incomplete data for teamId#489665 in DB
2021-04-27 01:13:43,714 	 [INFO | coreUtils.py:64] > Onboarding data for teamId#489665
2021-04-27 01:13:45,232 	 [INFO | officialFPLApi.py:16] > Collecting basic team info for 489665
2021-04-27 01:13:45,232 	 [INFO | officialFPLApi.py:21] > Request for basic team info : https://fantasy.premierleague.com/api/entry/489665/
2021-04-27 01:13:45,367 	 [INFO | officialFPLApi.py:149] > Collecting player picks for 489665, 33
2021-04-27 01:13:45,367 	 [INFO | officialFPLApi.py:154] > Request for player picks : https://fantasy.premierleague.com/api/entry/489665/event/33/picks/
2021-04-27 01:13:46,137 	 [INFO | coreUtils.py:63] > No data or incomplete data for teamId#799765 in DB
2021-04-27 01:13:46,138 	 [INFO | coreUtils.py:64] > Onboarding data for teamId#799765
2021-04-27 01:13:47,623 	 [INFO | officialFPLApi.py:16] > Collecting basic team info for 799765
2021-04-27 01:13:47,623 	 [INFO | officialFPLApi.py:21] > Request for basic team info : https://fantasy.premierleague.com/api/entry/799765/
2021-04-27 01:13:47,879 	 [INFO | officialFPLApi.py:149] > Collecting player picks for 799765, 33
2021-04-27 01:13:47,879 	 [INFO | officialFPLApi.py:154] > Request for player picks : https://fantasy.premierleague.com/api/entry/799765/event/33/picks/
2021-04-27 01:13:48,620 	 [INFO | coreUtils.py:63] > No data or incomplete data for teamId#3753381 in DB
2021-04-27 01:13:48,621 	 [INFO | coreUtils.py:64] > Onboarding data for teamId#3753381
2021-04-27 01:13:50,104 	 [INFO | officialFPLApi.py:16] > Collecting basic team info for 3753381
2021-04-27 01:13:50,104 	 [INFO | officialFPLApi.py:21] > Request for basic team info : https://fantasy.premierleague.com/api/entry/3753381/
2021-04-27 01:13:50,344 	 [INFO | officialFPLApi.py:149] > Collecting player picks for 3753381, 33
2021-04-27 01:13:50,345 	 [INFO | officialFPLApi.py:154] > Request for player picks : https://fantasy.premierleague.com/api/entry/3753381/event/33/picks/
2021-04-27 01:13:51,109 	 [INFO | coreUtils.py:63] > No data or incomplete data for teamId#427885 in DB
2021-04-27 01:13:51,109 	 [INFO | coreUtils.py:64] > Onboarding data for teamId#427885
2021-04-27 01:13:52,590 	 [INFO | officialFPLApi.py:16] > Collecting basic team info for 427885
2021-04-27 01:13:52,590 	 [INFO | officialFPLApi.py:21] > Request for basic team info : https://fantasy.premierleague.com/api/entry/427885/
2021-04-27 01:13:52,847 	 [INFO | officialFPLApi.py:149] > Collecting player picks for 427885, 33
2021-04-27 01:13:52,847 	 [INFO | officialFPLApi.py:154] > Request for player picks : https://fantasy.premierleague.com/api/entry/427885/event/33/picks/
2021-04-27 01:13:53,579 	 [INFO | coreUtils.py:63] > No data or incomplete data for teamId#4710397 in DB
2021-04-27 01:13:53,579 	 [INFO | coreUtils.py:64] > Onboarding data for teamId#4710397
2021-04-27 01:13:55,074 	 [INFO | officialFPLApi.py:16] > Collecting basic team info for 4710397
2021-04-27 01:13:55,074 	 [INFO | officialFPLApi.py:21] > Request for basic team info : https://fantasy.premierleague.com/api/entry/4710397/
2021-04-27 01:13:55,459 	 [INFO | officialFPLApi.py:149] > Collecting player picks for 4710397, 33
2021-04-27 01:13:55,459 	 [INFO | officialFPLApi.py:154] > Request for player picks : https://fantasy.premierleague.com/api/entry/4710397/event/33/picks/
2021-04-27 01:13:56,268 	 [INFO | coreUtils.py:63] > No data or incomplete data for teamId#3165748 in DB
2021-04-27 01:13:56,268 	 [INFO | coreUtils.py:64] > Onboarding data for teamId#3165748
2021-04-27 01:13:57,755 	 [INFO | officialFPLApi.py:16] > Collecting basic team info for 3165748
2021-04-27 01:13:57,756 	 [INFO | officialFPLApi.py:21] > Request for basic team info : https://fantasy.premierleague.com/api/entry/3165748/
2021-04-27 01:13:58,029 	 [INFO | officialFPLApi.py:149] > Collecting player picks for 3165748, 33
2021-04-27 01:13:58,030 	 [INFO | officialFPLApi.py:154] > Request for player picks : https://fantasy.premierleague.com/api/entry/3165748/event/33/picks/
2021-04-27 01:13:58,801 	 [INFO | coreUtils.py:63] > No data or incomplete data for teamId#2925830 in DB
2021-04-27 01:13:58,801 	 [INFO | coreUtils.py:64] > Onboarding data for teamId#2925830
2021-04-27 01:14:00,298 	 [INFO | officialFPLApi.py:16] > Collecting basic team info for 2925830
2021-04-27 01:14:00,298 	 [INFO | officialFPLApi.py:21] > Request for basic team info : https://fantasy.premierleague.com/api/entry/2925830/
2021-04-27 01:14:00,668 	 [INFO | officialFPLApi.py:149] > Collecting player picks for 2925830, 33
2021-04-27 01:14:00,668 	 [INFO | officialFPLApi.py:154] > Request for player picks : https://fantasy.premierleague.com/api/entry/2925830/event/33/picks/
2021-04-27 01:14:01,435 	 [INFO | coreUtils.py:63] > No data or incomplete data for teamId#3831449 in DB
2021-04-27 01:14:01,435 	 [INFO | coreUtils.py:64] > Onboarding data for teamId#3831449
2021-04-27 01:14:02,922 	 [INFO | officialFPLApi.py:16] > Collecting basic team info for 3831449
2021-04-27 01:14:02,922 	 [INFO | officialFPLApi.py:21] > Request for basic team info : https://fantasy.premierleague.com/api/entry/3831449/
2021-04-27 01:14:03,179 	 [INFO | officialFPLApi.py:149] > Collecting player picks for 3831449, 33
2021-04-27 01:14:03,179 	 [INFO | officialFPLApi.py:154] > Request for player picks : https://fantasy.premierleague.com/api/entry/3831449/event/33/picks/
2021-04-27 01:14:03,944 	 [INFO | coreUtils.py:63] > No data or incomplete data for teamId#5572779 in DB
2021-04-27 01:14:03,944 	 [INFO | coreUtils.py:64] > Onboarding data for teamId#5572779
2021-04-27 01:14:05,436 	 [INFO | officialFPLApi.py:16] > Collecting basic team info for 5572779
2021-04-27 01:14:05,436 	 [INFO | officialFPLApi.py:21] > Request for basic team info : https://fantasy.premierleague.com/api/entry/5572779/
2021-04-27 01:14:05,717 	 [INFO | officialFPLApi.py:149] > Collecting player picks for 5572779, 33
2021-04-27 01:14:05,717 	 [INFO | officialFPLApi.py:154] > Request for player picks : https://fantasy.premierleague.com/api/entry/5572779/event/33/picks/
2021-04-27 01:14:06,491 	 [INFO | coreUtils.py:63] > No data or incomplete data for teamId#468623 in DB
2021-04-27 01:14:06,491 	 [INFO | coreUtils.py:64] > Onboarding data for teamId#468623
2021-04-27 01:14:07,979 	 [INFO | officialFPLApi.py:16] > Collecting basic team info for 468623
2021-04-27 01:14:07,979 	 [INFO | officialFPLApi.py:21] > Request for basic team info : https://fantasy.premierleague.com/api/entry/468623/
2021-04-27 01:14:08,359 	 [INFO | officialFPLApi.py:149] > Collecting player picks for 468623, 33
2021-04-27 01:14:08,359 	 [INFO | officialFPLApi.py:154] > Request for player picks : https://fantasy.premierleague.com/api/entry/468623/event/33/picks/
2021-04-27 01:14:09,159 	 [INFO | coreUtils.py:63] > No data or incomplete data for teamId#1664036 in DB
2021-04-27 01:14:09,159 	 [INFO | coreUtils.py:64] > Onboarding data for teamId#1664036
2021-04-27 01:14:10,647 	 [INFO | officialFPLApi.py:16] > Collecting basic team info for 1664036
2021-04-27 01:14:10,648 	 [INFO | officialFPLApi.py:21] > Request for basic team info : https://fantasy.premierleague.com/api/entry/1664036/
2021-04-27 01:14:10,804 	 [INFO | officialFPLApi.py:149] > Collecting player picks for 1664036, 33
2021-04-27 01:14:10,804 	 [INFO | officialFPLApi.py:154] > Request for player picks : https://fantasy.premierleague.com/api/entry/1664036/event/33/picks/
2021-04-27 01:14:11,505 	 [INFO | coreUtils.py:63] > No data or incomplete data for teamId#3758444 in DB
2021-04-27 01:14:11,505 	 [INFO | coreUtils.py:64] > Onboarding data for teamId#3758444
2021-04-27 01:14:12,992 	 [INFO | officialFPLApi.py:16] > Collecting basic team info for 3758444
2021-04-27 01:14:12,992 	 [INFO | officialFPLApi.py:21] > Request for basic team info : https://fantasy.premierleague.com/api/entry/3758444/
2021-04-27 01:14:13,349 	 [INFO | officialFPLApi.py:149] > Collecting player picks for 3758444, 33
2021-04-27 01:14:13,349 	 [INFO | officialFPLApi.py:154] > Request for player picks : https://fantasy.premierleague.com/api/entry/3758444/event/33/picks/
2021-04-27 01:14:14,139 	 [INFO | coreUtils.py:63] > No data or incomplete data for teamId#5032016 in DB
2021-04-27 01:14:14,139 	 [INFO | coreUtils.py:64] > Onboarding data for teamId#5032016
2021-04-27 01:14:15,624 	 [INFO | officialFPLApi.py:16] > Collecting basic team info for 5032016
2021-04-27 01:14:15,626 	 [INFO | officialFPLApi.py:21] > Request for basic team info : https://fantasy.premierleague.com/api/entry/5032016/
2021-04-27 01:14:15,777 	 [INFO | officialFPLApi.py:149] > Collecting player picks for 5032016, 33
2021-04-27 01:14:15,777 	 [INFO | officialFPLApi.py:154] > Request for player picks : https://fantasy.premierleague.com/api/entry/5032016/event/33/picks/
2021-04-27 01:14:16,420 	 [INFO | coreUtils.py:63] > No data or incomplete data for teamId#4452170 in DB
2021-04-27 01:14:16,420 	 [INFO | coreUtils.py:64] > Onboarding data for teamId#4452170
2021-04-27 01:14:17,906 	 [INFO | officialFPLApi.py:16] > Collecting basic team info for 4452170
2021-04-27 01:14:17,907 	 [INFO | officialFPLApi.py:21] > Request for basic team info : https://fantasy.premierleague.com/api/entry/4452170/
2021-04-27 01:14:18,309 	 [INFO | officialFPLApi.py:149] > Collecting player picks for 4452170, 33
2021-04-27 01:14:18,310 	 [INFO | officialFPLApi.py:154] > Request for player picks : https://fantasy.premierleague.com/api/entry/4452170/event/33/picks/
2021-04-27 01:14:19,116 	 [INFO | coreUtils.py:63] > No data or incomplete data for teamId#5510973 in DB
2021-04-27 01:14:19,117 	 [INFO | coreUtils.py:64] > Onboarding data for teamId#5510973
2021-04-27 01:14:20,610 	 [INFO | officialFPLApi.py:16] > Collecting basic team info for 5510973
2021-04-27 01:14:20,610 	 [INFO | officialFPLApi.py:21] > Request for basic team info : https://fantasy.premierleague.com/api/entry/5510973/
2021-04-27 01:14:20,978 	 [INFO | officialFPLApi.py:149] > Collecting player picks for 5510973, 33
2021-04-27 01:14:20,978 	 [INFO | officialFPLApi.py:154] > Request for player picks : https://fantasy.premierleague.com/api/entry/5510973/event/33/picks/
2021-04-27 01:14:22,024 	 [INFO | coreUtils.py:63] > No data or incomplete data for teamId#4622834 in DB
2021-04-27 01:14:22,024 	 [INFO | coreUtils.py:64] > Onboarding data for teamId#4622834
2021-04-27 01:14:23,510 	 [INFO | officialFPLApi.py:16] > Collecting basic team info for 4622834
2021-04-27 01:14:23,510 	 [INFO | officialFPLApi.py:21] > Request for basic team info : https://fantasy.premierleague.com/api/entry/4622834/
2021-04-27 01:14:23,876 	 [INFO | officialFPLApi.py:149] > Collecting player picks for 4622834, 33
2021-04-27 01:14:23,877 	 [INFO | officialFPLApi.py:154] > Request for player picks : https://fantasy.premierleague.com/api/entry/4622834/event/33/picks/
2021-04-27 01:14:24,673 	 [INFO | coreUtils.py:63] > No data or incomplete data for teamId#4693999 in DB
2021-04-27 01:14:24,673 	 [INFO | coreUtils.py:64] > Onboarding data for teamId#4693999
2021-04-27 01:14:26,165 	 [INFO | officialFPLApi.py:16] > Collecting basic team info for 4693999
2021-04-27 01:14:26,166 	 [INFO | officialFPLApi.py:21] > Request for basic team info : https://fantasy.premierleague.com/api/entry/4693999/
2021-04-27 01:14:26,554 	 [INFO | officialFPLApi.py:149] > Collecting player picks for 4693999, 33
2021-04-27 01:14:26,555 	 [INFO | officialFPLApi.py:154] > Request for player picks : https://fantasy.premierleague.com/api/entry/4693999/event/33/picks/
2021-04-27 01:14:27,352 	 [INFO | coreUtils.py:63] > No data or incomplete data for teamId#4804247 in DB
2021-04-27 01:14:27,352 	 [INFO | coreUtils.py:64] > Onboarding data for teamId#4804247
2021-04-27 01:14:28,840 	 [INFO | officialFPLApi.py:16] > Collecting basic team info for 4804247
2021-04-27 01:14:28,840 	 [INFO | officialFPLApi.py:21] > Request for basic team info : https://fantasy.premierleague.com/api/entry/4804247/
2021-04-27 01:14:29,212 	 [INFO | officialFPLApi.py:149] > Collecting player picks for 4804247, 33
2021-04-27 01:14:29,212 	 [INFO | officialFPLApi.py:154] > Request for player picks : https://fantasy.premierleague.com/api/entry/4804247/event/33/picks/
2021-04-27 01:14:34,657 	 [INFO | leagueMembershipCacheJob.py:29] > Completed onboarding/updating league id # 854530
2021-04-27 01:19:58,092 	 [INFO | officialFPLApi.py:121] > Collecting bootstrap static data
2021-04-27 01:19:58,093 	 [INFO | officialFPLApi.py:126] > Request for bootstrap static data : https://fantasy.premierleague.com/api/bootstrap-static/
2021-04-27 01:19:58,743 	 [INFO | officialFPLApi.py:98] > Collecting event status
2021-04-27 01:19:58,744 	 [INFO | officialFPLApi.py:103] > Request for event status : https://fantasy.premierleague.com/api/event-status/
2021-04-27 01:19:59,193 	 [INFO | officialFPLApi.py:85] > Collecting fixture information
2021-04-27 01:19:59,193 	 [INFO | officialFPLApi.py:85] > Collecting fixture information
2021-04-27 01:19:59,194 	 [INFO | service.py:19] > Dashboard service listening on http://localhost:8086
2021-04-27 01:19:59,194 	 [INFO | officialFPLApi.py:90] > Request for event status : https://fantasy.premierleague.com/api/fixtures/?event=None
2021-04-27 01:19:59,195 	 [INFO | officialFPLApi.py:90] > Request for event status : https://fantasy.premierleague.com/api/fixtures/?event=33
2021-04-27 01:19:59,376 	 [INFO | officialFPLApi.py:30] > Collecting live data info
2021-04-27 01:19:59,378 	 [INFO | officialFPLApi.py:35] > Request for basic team info : https://fantasy.premierleague.com/api/event/33/live
2021-04-27 01:19:59,747 	 [INFO | officialFPLApi.py:85] > Collecting fixture information
2021-04-27 01:19:59,748 	 [INFO | officialFPLApi.py:90] > Request for event status : https://fantasy.premierleague.com/api/fixtures/?event=33
2021-04-27 01:20:46,280 	 [INFO | officialFPLApi.py:121] > Collecting bootstrap static data
2021-04-27 01:20:46,281 	 [INFO | officialFPLApi.py:126] > Request for bootstrap static data : https://fantasy.premierleague.com/api/bootstrap-static/
2021-04-27 01:20:46,959 	 [INFO | officialFPLApi.py:98] > Collecting event status
2021-04-27 01:20:46,960 	 [INFO | officialFPLApi.py:103] > Request for event status : https://fantasy.premierleague.com/api/event-status/
2021-04-27 01:20:47,146 	 [INFO | service.py:19] > Dashboard service listening on http://localhost:8086
2021-04-27 01:20:47,149 	 [INFO | officialFPLApi.py:85] > Collecting fixture information
2021-04-27 01:20:47,150 	 [INFO | officialFPLApi.py:90] > Request for event status : https://fantasy.premierleague.com/api/fixtures/?event=33
2021-04-27 01:20:47,152 	 [INFO | officialFPLApi.py:85] > Collecting fixture information
2021-04-27 01:20:47,156 	 [INFO | officialFPLApi.py:90] > Request for event status : https://fantasy.premierleague.com/api/fixtures/?event=33
2021-04-27 01:20:47,367 	 [INFO | officialFPLApi.py:30] > Collecting live data info
2021-04-27 01:20:47,373 	 [INFO | officialFPLApi.py:35] > Request for basic team info : https://fantasy.premierleague.com/api/event/33/live
2021-04-27 01:20:47,970 	 [INFO | officialFPLApi.py:85] > Collecting fixture information
2021-04-27 01:20:47,971 	 [INFO | officialFPLApi.py:90] > Request for event status : https://fantasy.premierleague.com/api/fixtures/?event=33
2021-04-27 01:20:59,420 	 [INFO | classicLeagueLiveHandler.py:25] > [INCOMING] Request at /api/live/classicleague/854530 
2021-04-27 01:22:48,148 	 [INFO | officialFPLApi.py:85] > Collecting fixture information
2021-04-27 01:22:48,149 	 [INFO | officialFPLApi.py:90] > Request for event status : https://fantasy.premierleague.com/api/fixtures/?event=33
2021-04-27 01:22:48,300 	 [INFO | officialFPLApi.py:30] > Collecting live data info
2021-04-27 01:22:48,301 	 [INFO | officialFPLApi.py:35] > Request for basic team info : https://fantasy.premierleague.com/api/event/33/live
2021-04-27 01:22:48,659 	 [INFO | officialFPLApi.py:85] > Collecting fixture information
2021-04-27 01:22:48,660 	 [INFO | officialFPLApi.py:90] > Request for event status : https://fantasy.premierleague.com/api/fixtures/?event=33
2021-04-27 01:24:48,824 	 [INFO | officialFPLApi.py:85] > Collecting fixture information
2021-04-27 01:24:48,825 	 [INFO | officialFPLApi.py:90] > Request for event status : https://fantasy.premierleague.com/api/fixtures/?event=33
2021-04-27 01:24:49,131 	 [INFO | officialFPLApi.py:30] > Collecting live data info
2021-04-27 01:24:49,131 	 [INFO | officialFPLApi.py:35] > Request for basic team info : https://fantasy.premierleague.com/api/event/33/live
2021-04-27 01:24:49,474 	 [INFO | officialFPLApi.py:85] > Collecting fixture information
2021-04-27 01:24:49,476 	 [INFO | officialFPLApi.py:90] > Request for event status : https://fantasy.premierleague.com/api/fixtures/?event=33
2021-04-27 01:25:48,734 	 [INFO | officialFPLApi.py:85] > Collecting fixture information
2021-04-27 01:25:48,735 	 [INFO | officialFPLApi.py:90] > Request for event status : https://fantasy.premierleague.com/api/fixtures/?event=33
2021-04-27 01:26:49,661 	 [INFO | officialFPLApi.py:85] > Collecting fixture information
2021-04-27 01:26:49,661 	 [INFO | officialFPLApi.py:90] > Request for event status : https://fantasy.premierleague.com/api/fixtures/?event=33
2021-04-27 01:26:49,882 	 [INFO | officialFPLApi.py:30] > Collecting live data info
2021-04-27 01:26:49,883 	 [INFO | officialFPLApi.py:35] > Request for basic team info : https://fantasy.premierleague.com/api/event/33/live
2021-04-27 01:26:50,252 	 [INFO | officialFPLApi.py:85] > Collecting fixture information
2021-04-27 01:26:50,253 	 [INFO | officialFPLApi.py:90] > Request for event status : https://fantasy.premierleague.com/api/fixtures/?event=33
2021-04-27 01:28:50,434 	 [INFO | officialFPLApi.py:85] > Collecting fixture information
2021-04-27 01:28:50,435 	 [INFO | officialFPLApi.py:90] > Request for event status : https://fantasy.premierleague.com/api/fixtures/?event=33
2021-04-27 01:28:50,619 	 [INFO | officialFPLApi.py:30] > Collecting live data info
2021-04-27 01:28:50,620 	 [INFO | officialFPLApi.py:35] > Request for basic team info : https://fantasy.premierleague.com/api/event/33/live
2021-04-27 01:28:50,959 	 [INFO | officialFPLApi.py:85] > Collecting fixture information
2021-04-27 01:28:50,960 	 [INFO | officialFPLApi.py:90] > Request for event status : https://fantasy.premierleague.com/api/fixtures/?event=33
2021-04-27 01:30:50,016 	 [INFO | officialFPLApi.py:85] > Collecting fixture information
2021-04-27 01:30:50,017 	 [INFO | officialFPLApi.py:90] > Request for event status : https://fantasy.premierleague.com/api/fixtures/?event=33
2021-04-27 01:30:51,134 	 [INFO | officialFPLApi.py:85] > Collecting fixture information
2021-04-27 01:30:51,135 	 [INFO | officialFPLApi.py:90] > Request for event status : https://fantasy.premierleague.com/api/fixtures/?event=33
2021-04-27 01:30:51,366 	 [INFO | officialFPLApi.py:30] > Collecting live data info
2021-04-27 01:30:51,366 	 [INFO | officialFPLApi.py:35] > Request for basic team info : https://fantasy.premierleague.com/api/event/33/live
2021-04-27 01:30:51,724 	 [INFO | officialFPLApi.py:85] > Collecting fixture information
2021-04-27 01:30:51,725 	 [INFO | officialFPLApi.py:90] > Request for event status : https://fantasy.premierleague.com/api/fixtures/?event=33
2021-04-27 01:32:02,780 	 [INFO | officialFPLApi.py:121] > Collecting bootstrap static data
2021-04-27 01:32:02,780 	 [INFO | officialFPLApi.py:126] > Request for bootstrap static data : https://fantasy.premierleague.com/api/bootstrap-static/
2021-04-27 01:32:03,444 	 [INFO | officialFPLApi.py:98] > Collecting event status
2021-04-27 01:32:03,445 	 [INFO | officialFPLApi.py:103] > Request for event status : https://fantasy.premierleague.com/api/event-status/
2021-04-27 01:32:03,625 	 [INFO | service.py:19] > Dashboard service listening on http://localhost:8086
2021-04-27 01:32:03,628 	 [INFO | officialFPLApi.py:85] > Collecting fixture information
2021-04-27 01:32:03,628 	 [INFO | officialFPLApi.py:85] > Collecting fixture information
2021-04-27 01:32:03,630 	 [INFO | officialFPLApi.py:90] > Request for event status : https://fantasy.premierleague.com/api/fixtures/?event=33
2021-04-27 01:32:03,631 	 [INFO | officialFPLApi.py:90] > Request for event status : https://fantasy.premierleague.com/api/fixtures/?event=33
2021-04-27 01:32:03,797 	 [INFO | officialFPLApi.py:30] > Collecting live data info
2021-04-27 01:32:03,798 	 [INFO | officialFPLApi.py:35] > Request for basic team info : https://fantasy.premierleague.com/api/event/33/live
2021-04-27 01:32:04,162 	 [INFO | officialFPLApi.py:85] > Collecting fixture information
2021-04-27 01:32:04,163 	 [INFO | officialFPLApi.py:90] > Request for event status : https://fantasy.premierleague.com/api/fixtures/?event=33
2021-04-27 01:32:15,694 	 [INFO | classicLeagueLiveHandler.py:25] > [INCOMING] Request at /api/live/classicleague/854530 
2021-04-27 01:34:04,374 	 [INFO | officialFPLApi.py:85] > Collecting fixture information
2021-04-27 01:34:04,374 	 [INFO | officialFPLApi.py:90] > Request for event status : https://fantasy.premierleague.com/api/fixtures/?event=33
2021-04-27 01:34:04,604 	 [INFO | officialFPLApi.py:30] > Collecting live data info
2021-04-27 01:34:04,604 	 [INFO | officialFPLApi.py:35] > Request for basic team info : https://fantasy.premierleague.com/api/event/33/live
2021-04-27 01:34:04,933 	 [INFO | officialFPLApi.py:85] > Collecting fixture information
2021-04-27 01:34:04,934 	 [INFO | officialFPLApi.py:90] > Request for event status : https://fantasy.premierleague.com/api/fixtures/?event=33
2021-04-27 01:36:05,110 	 [INFO | officialFPLApi.py:85] > Collecting fixture information
2021-04-27 01:36:05,111 	 [INFO | officialFPLApi.py:90] > Request for event status : https://fantasy.premierleague.com/api/fixtures/?event=33
2021-04-27 01:36:05,306 	 [INFO | officialFPLApi.py:30] > Collecting live data info
2021-04-27 01:36:05,306 	 [INFO | officialFPLApi.py:35] > Request for basic team info : https://fantasy.premierleague.com/api/event/33/live
2021-04-27 01:36:05,632 	 [INFO | officialFPLApi.py:85] > Collecting fixture information
2021-04-27 01:36:05,633 	 [INFO | officialFPLApi.py:90] > Request for event status : https://fantasy.premierleague.com/api/fixtures/?event=33
2021-04-27 01:37:05,013 	 [INFO | officialFPLApi.py:85] > Collecting fixture information
2021-04-27 01:37:05,014 	 [INFO | officialFPLApi.py:90] > Request for event status : https://fantasy.premierleague.com/api/fixtures/?event=33
2021-04-27 01:37:24,086 	 [INFO | officialFPLApi.py:121] > Collecting bootstrap static data
2021-04-27 01:37:24,086 	 [INFO | officialFPLApi.py:126] > Request for bootstrap static data : https://fantasy.premierleague.com/api/bootstrap-static/
2021-04-27 01:37:24,633 	 [INFO | officialFPLApi.py:98] > Collecting event status
2021-04-27 01:37:24,633 	 [INFO | officialFPLApi.py:103] > Request for event status : https://fantasy.premierleague.com/api/event-status/
2021-04-27 01:37:24,793 	 [INFO | officialFPLApi.py:85] > Collecting fixture information
2021-04-27 01:37:24,794 	 [INFO | officialFPLApi.py:85] > Collecting fixture information
2021-04-27 01:37:24,795 	 [INFO | service.py:19] > Dashboard service listening on http://localhost:8086
2021-04-27 01:37:24,796 	 [INFO | officialFPLApi.py:90] > Request for event status : https://fantasy.premierleague.com/api/fixtures/?event=None
2021-04-27 01:37:24,797 	 [INFO | officialFPLApi.py:90] > Request for event status : https://fantasy.premierleague.com/api/fixtures/?event=33
2021-04-27 01:37:25,002 	 [INFO | officialFPLApi.py:30] > Collecting live data info
2021-04-27 01:37:25,003 	 [INFO | officialFPLApi.py:35] > Request for basic team info : https://fantasy.premierleague.com/api/event/33/live
2021-04-27 01:37:25,338 	 [INFO | officialFPLApi.py:85] > Collecting fixture information
2021-04-27 01:37:25,338 	 [INFO | officialFPLApi.py:90] > Request for event status : https://fantasy.premierleague.com/api/fixtures/?event=33
2021-04-27 01:37:34,774 	 [INFO | officialFPLApi.py:121] > Collecting bootstrap static data
2021-04-27 01:37:34,774 	 [INFO | officialFPLApi.py:126] > Request for bootstrap static data : https://fantasy.premierleague.com/api/bootstrap-static/
2021-04-27 01:37:35,383 	 [INFO | officialFPLApi.py:98] > Collecting event status
2021-04-27 01:37:35,383 	 [INFO | officialFPLApi.py:103] > Request for event status : https://fantasy.premierleague.com/api/event-status/
2021-04-27 01:37:35,624 	 [INFO | service.py:19] > Dashboard service listening on http://localhost:8086
2021-04-27 01:37:35,627 	 [INFO | officialFPLApi.py:85] > Collecting fixture information
2021-04-27 01:37:35,628 	 [INFO | officialFPLApi.py:90] > Request for event status : https://fantasy.premierleague.com/api/fixtures/?event=None
2021-04-27 01:37:35,630 	 [INFO | officialFPLApi.py:85] > Collecting fixture information
2021-04-27 01:37:35,638 	 [INFO | officialFPLApi.py:90] > Request for event status : https://fantasy.premierleague.com/api/fixtures/?event=33
2021-04-27 01:37:35,805 	 [INFO | officialFPLApi.py:30] > Collecting live data info
2021-04-27 01:37:35,805 	 [INFO | officialFPLApi.py:35] > Request for basic team info : https://fantasy.premierleague.com/api/event/33/live
2021-04-27 01:37:36,134 	 [INFO | officialFPLApi.py:85] > Collecting fixture information
2021-04-27 01:37:36,135 	 [INFO | officialFPLApi.py:90] > Request for event status : https://fantasy.premierleague.com/api/fixtures/?event=33
2021-04-27 01:37:46,838 	 [INFO | classicLeagueLiveHandler.py:25] > [INCOMING] Request at /api/live/classicleague/854530 
2021-04-27 01:39:36,309 	 [INFO | officialFPLApi.py:85] > Collecting fixture information
2021-04-27 01:39:36,310 	 [INFO | officialFPLApi.py:90] > Request for event status : https://fantasy.premierleague.com/api/fixtures/?event=33
2021-04-27 01:39:36,477 	 [INFO | officialFPLApi.py:30] > Collecting live data info
2021-04-27 01:39:36,478 	 [INFO | officialFPLApi.py:35] > Request for basic team info : https://fantasy.premierleague.com/api/event/33/live
2021-04-27 01:39:36,842 	 [INFO | officialFPLApi.py:85] > Collecting fixture information
2021-04-27 01:39:36,842 	 [INFO | officialFPLApi.py:90] > Request for event status : https://fantasy.premierleague.com/api/fixtures/?event=33
2021-04-27 01:41:37,010 	 [INFO | officialFPLApi.py:85] > Collecting fixture information
2021-04-27 01:41:37,011 	 [INFO | officialFPLApi.py:90] > Request for event status : https://fantasy.premierleague.com/api/fixtures/?event=33
2021-04-27 01:41:37,185 	 [INFO | officialFPLApi.py:30] > Collecting live data info
2021-04-27 01:41:37,186 	 [INFO | officialFPLApi.py:35] > Request for basic team info : https://fantasy.premierleague.com/api/event/33/live
2021-04-27 01:41:37,558 	 [INFO | officialFPLApi.py:85] > Collecting fixture information
2021-04-27 01:41:37,559 	 [INFO | officialFPLApi.py:90] > Request for event status : https://fantasy.premierleague.com/api/fixtures/?event=33
2021-04-27 01:43:38,997 	 [INFO | officialFPLApi.py:85] > Collecting fixture information
2021-04-27 01:43:38,998 	 [INFO | officialFPLApi.py:90] > Request for event status : https://fantasy.premierleague.com/api/fixtures/?event=33
2021-04-27 01:43:39,166 	 [INFO | officialFPLApi.py:30] > Collecting live data info
2021-04-27 01:43:39,166 	 [INFO | officialFPLApi.py:35] > Request for basic team info : https://fantasy.premierleague.com/api/event/33/live
2021-04-27 01:43:40,769 	 [INFO | officialFPLApi.py:85] > Collecting fixture information
2021-04-27 01:43:40,770 	 [INFO | officialFPLApi.py:90] > Request for event status : https://fantasy.premierleague.com/api/fixtures/?event=33
2021-04-27 01:45:40,948 	 [INFO | officialFPLApi.py:85] > Collecting fixture information
2021-04-27 01:45:40,948 	 [INFO | officialFPLApi.py:90] > Request for event status : https://fantasy.premierleague.com/api/fixtures/?event=33
2021-04-27 01:45:41,109 	 [INFO | officialFPLApi.py:30] > Collecting live data info
2021-04-27 01:45:41,110 	 [INFO | officialFPLApi.py:35] > Request for basic team info : https://fantasy.premierleague.com/api/event/33/live
2021-04-27 01:45:41,448 	 [INFO | officialFPLApi.py:85] > Collecting fixture information
2021-04-27 01:45:41,449 	 [INFO | officialFPLApi.py:90] > Request for event status : https://fantasy.premierleague.com/api/fixtures/?event=33
2021-04-27 01:47:41,641 	 [INFO | officialFPLApi.py:85] > Collecting fixture information
2021-04-27 01:47:41,642 	 [INFO | officialFPLApi.py:90] > Request for event status : https://fantasy.premierleague.com/api/fixtures/?event=33
2021-04-27 01:47:41,818 	 [INFO | officialFPLApi.py:30] > Collecting live data info
2021-04-27 01:47:41,819 	 [INFO | officialFPLApi.py:35] > Request for basic team info : https://fantasy.premierleague.com/api/event/33/live
2021-04-27 01:47:42,146 	 [INFO | officialFPLApi.py:85] > Collecting fixture information
2021-04-27 01:47:42,147 	 [INFO | officialFPLApi.py:90] > Request for event status : https://fantasy.premierleague.com/api/fixtures/?event=33
2021-04-27 01:49:43,185 	 [INFO | officialFPLApi.py:85] > Collecting fixture information
2021-04-27 01:49:43,186 	 [INFO | officialFPLApi.py:90] > Request for event status : https://fantasy.premierleague.com/api/fixtures/?event=33
2021-04-27 01:49:43,424 	 [INFO | officialFPLApi.py:30] > Collecting live data info
2021-04-27 01:49:43,425 	 [INFO | officialFPLApi.py:35] > Request for basic team info : https://fantasy.premierleague.com/api/event/33/live
2021-04-27 01:49:43,763 	 [INFO | officialFPLApi.py:85] > Collecting fixture information
2021-04-27 01:49:43,764 	 [INFO | officialFPLApi.py:90] > Request for event status : https://fantasy.premierleague.com/api/fixtures/?event=33
2021-04-27 01:51:43,957 	 [INFO | officialFPLApi.py:85] > Collecting fixture information
2021-04-27 01:51:43,957 	 [INFO | officialFPLApi.py:90] > Request for event status : https://fantasy.premierleague.com/api/fixtures/?event=33
2021-04-27 01:51:44,137 	 [INFO | officialFPLApi.py:30] > Collecting live data info
2021-04-27 01:51:44,138 	 [INFO | officialFPLApi.py:35] > Request for basic team info : https://fantasy.premierleague.com/api/event/33/live
2021-04-27 01:51:44,472 	 [INFO | officialFPLApi.py:85] > Collecting fixture information
2021-04-27 01:51:44,473 	 [INFO | officialFPLApi.py:90] > Request for event status : https://fantasy.premierleague.com/api/fixtures/?event=33
2021-04-27 01:53:44,651 	 [INFO | officialFPLApi.py:85] > Collecting fixture information
2021-04-27 01:53:44,652 	 [INFO | officialFPLApi.py:90] > Request for event status : https://fantasy.premierleague.com/api/fixtures/?event=33
2021-04-27 01:53:44,826 	 [INFO | officialFPLApi.py:30] > Collecting live data info
2021-04-27 01:53:44,827 	 [INFO | officialFPLApi.py:35] > Request for basic team info : https://fantasy.premierleague.com/api/event/33/live
2021-04-27 01:53:45,167 	 [INFO | officialFPLApi.py:85] > Collecting fixture information
2021-04-27 01:53:45,168 	 [INFO | officialFPLApi.py:90] > Request for event status : https://fantasy.premierleague.com/api/fixtures/?event=33
2021-04-27 01:55:45,360 	 [INFO | officialFPLApi.py:85] > Collecting fixture information
2021-04-27 01:55:45,361 	 [INFO | officialFPLApi.py:90] > Request for event status : https://fantasy.premierleague.com/api/fixtures/?event=33
2021-04-27 01:55:45,524 	 [INFO | officialFPLApi.py:30] > Collecting live data info
2021-04-27 01:55:45,525 	 [INFO | officialFPLApi.py:35] > Request for basic team info : https://fantasy.premierleague.com/api/event/33/live
2021-04-27 01:55:45,865 	 [INFO | officialFPLApi.py:85] > Collecting fixture information
2021-04-27 01:55:45,866 	 [INFO | officialFPLApi.py:90] > Request for event status : https://fantasy.premierleague.com/api/fixtures/?event=33
2021-04-27 01:57:46,053 	 [INFO | officialFPLApi.py:85] > Collecting fixture information
2021-04-27 01:57:46,053 	 [INFO | officialFPLApi.py:90] > Request for event status : https://fantasy.premierleague.com/api/fixtures/?event=33
2021-04-27 01:57:46,232 	 [INFO | officialFPLApi.py:30] > Collecting live data info
2021-04-27 01:57:46,233 	 [INFO | officialFPLApi.py:35] > Request for basic team info : https://fantasy.premierleague.com/api/event/33/live
2021-04-27 01:57:46,604 	 [INFO | officialFPLApi.py:85] > Collecting fixture information
2021-04-27 01:57:46,605 	 [INFO | officialFPLApi.py:90] > Request for event status : https://fantasy.premierleague.com/api/fixtures/?event=33
2021-04-27 01:59:46,786 	 [INFO | officialFPLApi.py:85] > Collecting fixture information
2021-04-27 01:59:46,786 	 [INFO | officialFPLApi.py:90] > Request for event status : https://fantasy.premierleague.com/api/fixtures/?event=33
2021-04-27 01:59:46,982 	 [INFO | officialFPLApi.py:30] > Collecting live data info
2021-04-27 01:59:46,983 	 [INFO | officialFPLApi.py:35] > Request for basic team info : https://fantasy.premierleague.com/api/event/33/live
2021-04-27 01:59:47,304 	 [INFO | officialFPLApi.py:85] > Collecting fixture information
2021-04-27 01:59:47,304 	 [INFO | officialFPLApi.py:90] > Request for event status : https://fantasy.premierleague.com/api/fixtures/?event=33
2021-04-27 02:01:47,467 	 [INFO | officialFPLApi.py:85] > Collecting fixture information
2021-04-27 02:01:47,468 	 [INFO | officialFPLApi.py:90] > Request for event status : https://fantasy.premierleague.com/api/fixtures/?event=33
2021-04-27 02:01:47,661 	 [INFO | officialFPLApi.py:30] > Collecting live data info
2021-04-27 02:01:47,662 	 [INFO | officialFPLApi.py:35] > Request for basic team info : https://fantasy.premierleague.com/api/event/33/live
2021-04-27 02:01:49,840 	 [INFO | officialFPLApi.py:85] > Collecting fixture information
2021-04-27 02:01:49,841 	 [INFO | officialFPLApi.py:90] > Request for event status : https://fantasy.premierleague.com/api/fixtures/?event=33
2021-04-27 02:03:50,030 	 [INFO | officialFPLApi.py:85] > Collecting fixture information
2021-04-27 02:03:50,030 	 [INFO | officialFPLApi.py:90] > Request for event status : https://fantasy.premierleague.com/api/fixtures/?event=33
2021-04-27 02:03:50,193 	 [INFO | officialFPLApi.py:30] > Collecting live data info
2021-04-27 02:03:50,194 	 [INFO | officialFPLApi.py:35] > Request for basic team info : https://fantasy.premierleague.com/api/event/33/live
2021-04-27 02:03:50,536 	 [INFO | officialFPLApi.py:85] > Collecting fixture information
2021-04-27 02:03:50,537 	 [INFO | officialFPLApi.py:90] > Request for event status : https://fantasy.premierleague.com/api/fixtures/?event=33
2021-04-27 02:05:50,724 	 [INFO | officialFPLApi.py:85] > Collecting fixture information
2021-04-27 02:05:50,724 	 [INFO | officialFPLApi.py:90] > Request for event status : https://fantasy.premierleague.com/api/fixtures/?event=33
2021-04-27 02:05:50,899 	 [INFO | officialFPLApi.py:30] > Collecting live data info
2021-04-27 02:05:50,900 	 [INFO | officialFPLApi.py:35] > Request for basic team info : https://fantasy.premierleague.com/api/event/33/live
2021-04-27 02:05:51,250 	 [INFO | officialFPLApi.py:85] > Collecting fixture information
2021-04-27 02:05:51,250 	 [INFO | officialFPLApi.py:90] > Request for event status : https://fantasy.premierleague.com/api/fixtures/?event=33
2021-04-27 02:07:51,419 	 [INFO | officialFPLApi.py:85] > Collecting fixture information
2021-04-27 02:07:51,420 	 [INFO | officialFPLApi.py:90] > Request for event status : https://fantasy.premierleague.com/api/fixtures/?event=33
2021-04-27 02:07:51,593 	 [INFO | officialFPLApi.py:30] > Collecting live data info
2021-04-27 02:07:51,594 	 [INFO | officialFPLApi.py:35] > Request for basic team info : https://fantasy.premierleague.com/api/event/33/live
2021-04-27 02:07:51,928 	 [INFO | officialFPLApi.py:85] > Collecting fixture information
2021-04-27 02:07:51,929 	 [INFO | officialFPLApi.py:90] > Request for event status : https://fantasy.premierleague.com/api/fixtures/?event=33
2021-04-27 02:09:52,125 	 [INFO | officialFPLApi.py:85] > Collecting fixture information
2021-04-27 02:09:52,126 	 [INFO | officialFPLApi.py:90] > Request for event status : https://fantasy.premierleague.com/api/fixtures/?event=33
2021-04-27 02:09:52,339 	 [INFO | officialFPLApi.py:30] > Collecting live data info
2021-04-27 02:09:52,340 	 [INFO | officialFPLApi.py:35] > Request for basic team info : https://fantasy.premierleague.com/api/event/33/live
2021-04-27 02:09:52,654 	 [INFO | officialFPLApi.py:85] > Collecting fixture information
2021-04-27 02:09:52,656 	 [INFO | officialFPLApi.py:90] > Request for event status : https://fantasy.premierleague.com/api/fixtures/?event=33
2021-04-27 02:11:52,852 	 [INFO | officialFPLApi.py:85] > Collecting fixture information
2021-04-27 02:11:52,853 	 [INFO | officialFPLApi.py:90] > Request for event status : https://fantasy.premierleague.com/api/fixtures/?event=33
2021-04-27 02:11:53,028 	 [INFO | officialFPLApi.py:30] > Collecting live data info
2021-04-27 02:11:53,029 	 [INFO | officialFPLApi.py:35] > Request for basic team info : https://fantasy.premierleague.com/api/event/33/live
2021-04-27 02:11:53,354 	 [INFO | officialFPLApi.py:85] > Collecting fixture information
2021-04-27 02:11:53,354 	 [INFO | officialFPLApi.py:90] > Request for event status : https://fantasy.premierleague.com/api/fixtures/?event=33
2021-04-27 02:13:53,536 	 [INFO | officialFPLApi.py:85] > Collecting fixture information
2021-04-27 02:13:53,536 	 [INFO | officialFPLApi.py:90] > Request for event status : https://fantasy.premierleague.com/api/fixtures/?event=33
2021-04-27 02:13:53,708 	 [INFO | officialFPLApi.py:30] > Collecting live data info
2021-04-27 02:13:53,709 	 [INFO | officialFPLApi.py:35] > Request for basic team info : https://fantasy.premierleague.com/api/event/33/live
2021-04-27 02:13:54,025 	 [INFO | officialFPLApi.py:85] > Collecting fixture information
2021-04-27 02:13:54,026 	 [INFO | officialFPLApi.py:90] > Request for event status : https://fantasy.premierleague.com/api/fixtures/?event=33
2021-04-27 02:15:54,213 	 [INFO | officialFPLApi.py:85] > Collecting fixture information
2021-04-27 02:15:54,214 	 [INFO | officialFPLApi.py:90] > Request for event status : https://fantasy.premierleague.com/api/fixtures/?event=33
2021-04-27 02:15:54,425 	 [INFO | officialFPLApi.py:30] > Collecting live data info
2021-04-27 02:15:54,425 	 [INFO | officialFPLApi.py:35] > Request for basic team info : https://fantasy.premierleague.com/api/event/33/live
2021-04-27 02:15:54,748 	 [INFO | officialFPLApi.py:85] > Collecting fixture information
2021-04-27 02:15:54,749 	 [INFO | officialFPLApi.py:90] > Request for event status : https://fantasy.premierleague.com/api/fixtures/?event=33
2021-04-27 02:17:54,950 	 [INFO | officialFPLApi.py:85] > Collecting fixture information
2021-04-27 02:17:54,951 	 [INFO | officialFPLApi.py:90] > Request for event status : https://fantasy.premierleague.com/api/fixtures/?event=33
2021-04-27 02:17:55,096 	 [INFO | officialFPLApi.py:30] > Collecting live data info
2021-04-27 02:17:55,096 	 [INFO | officialFPLApi.py:35] > Request for basic team info : https://fantasy.premierleague.com/api/event/33/live
2021-04-27 02:17:55,419 	 [INFO | officialFPLApi.py:85] > Collecting fixture information
2021-04-27 02:17:55,419 	 [INFO | officialFPLApi.py:90] > Request for event status : https://fantasy.premierleague.com/api/fixtures/?event=33
2021-04-27 02:19:55,621 	 [INFO | officialFPLApi.py:85] > Collecting fixture information
2021-04-27 02:19:55,621 	 [INFO | officialFPLApi.py:90] > Request for event status : https://fantasy.premierleague.com/api/fixtures/?event=33
2021-04-27 02:19:55,795 	 [INFO | officialFPLApi.py:30] > Collecting live data info
2021-04-27 02:19:55,796 	 [INFO | officialFPLApi.py:35] > Request for basic team info : https://fantasy.premierleague.com/api/event/33/live
2021-04-27 02:19:56,121 	 [INFO | officialFPLApi.py:85] > Collecting fixture information
2021-04-27 02:19:56,122 	 [INFO | officialFPLApi.py:90] > Request for event status : https://fantasy.premierleague.com/api/fixtures/?event=33
2021-04-27 02:21:56,287 	 [INFO | officialFPLApi.py:85] > Collecting fixture information
2021-04-27 02:21:56,288 	 [INFO | officialFPLApi.py:90] > Request for event status : https://fantasy.premierleague.com/api/fixtures/?event=33
2021-04-27 02:21:56,450 	 [INFO | officialFPLApi.py:30] > Collecting live data info
2021-04-27 02:21:56,450 	 [INFO | officialFPLApi.py:35] > Request for basic team info : https://fantasy.premierleague.com/api/event/33/live
2021-04-27 02:21:56,791 	 [INFO | officialFPLApi.py:85] > Collecting fixture information
2021-04-27 02:21:56,791 	 [INFO | officialFPLApi.py:90] > Request for event status : https://fantasy.premierleague.com/api/fixtures/?event=33
2021-04-27 02:23:56,967 	 [INFO | officialFPLApi.py:85] > Collecting fixture information
2021-04-27 02:23:56,967 	 [INFO | officialFPLApi.py:90] > Request for event status : https://fantasy.premierleague.com/api/fixtures/?event=33
2021-04-27 02:23:57,135 	 [INFO | officialFPLApi.py:30] > Collecting live data info
2021-04-27 02:23:57,135 	 [INFO | officialFPLApi.py:35] > Request for basic team info : https://fantasy.premierleague.com/api/event/33/live
2021-04-27 02:23:57,475 	 [INFO | officialFPLApi.py:85] > Collecting fixture information
2021-04-27 02:23:57,476 	 [INFO | officialFPLApi.py:90] > Request for event status : https://fantasy.premierleague.com/api/fixtures/?event=33
